#
# There is insufficient memory for the Java Runtime Environment to continue.
# Native memory allocation (malloc) failed to allocate 902896 bytes for Chunk::new
# Possible reasons:
#   The system is out of physical RAM or swap space
#   The process is running with CompressedOops enabled, and the Java Heap may be blocking the growth of the native heap
# Possible solutions:
#   Reduce memory load on the system
#   Increase physical memory or swap space
#   Check if swap backing store is full
#   Decrease Java heap size (-Xmx/-Xms)
#   Decrease number of Java threads
#   Decrease Java thread stack sizes (-Xss)
#   Set larger code cache with -XX:ReservedCodeCacheSize=
#   JVM is running with Unscaled Compressed Oops mode in which the Java heap is
#     placed in the first 4GB address space. The Java Heap base address is the
#     maximum limit for the native heap growth. Please use -XX:HeapBaseMinAddress
#     to set the Java Heap base and to place the Java Heap above 4GB virtual address.
# This output file may be truncated or incomplete.
#
#  Out of Memory Error (arena.cpp:184), pid=6440, tid=9096
#
# JRE version: Java(TM) SE Runtime Environment (20.0.1+9) (build 20.0.1+9-29)
# Java VM: Java HotSpot(TM) 64-Bit Server VM (20.0.1+9-29, mixed mode, sharing, tiered, compressed oops, compressed class ptrs, g1 gc, windows-amd64)
# No core dump will be written. Minidumps are not enabled by default on client versions of Windows
#

---------------  S U M M A R Y ------------

Command Line: -javaagent:C:\Program Files\JetBrains\IntelliJ IDEA Community Edition 2022.3.1\lib\idea_rt.jar=51931:C:\Program Files\JetBrains\IntelliJ IDEA Community Edition 2022.3.1\bin -Dfile.encoding=UTF-8 -Dsun.stdout.encoding=UTF-8 -Dsun.stderr.encoding=UTF-8 com.hotelreview.ratings.RatingsApplication

Host: Intel(R) Core(TM) i5-5200U CPU @ 2.20GHz, 4 cores, 7G,  Windows 10 , 64 bit Build 19041 (10.0.19041.3155)
Time: Fri Aug 11 19:38:54 2023 India Standard Time elapsed time: 1.458199 seconds (0d 0h 0m 1s)

---------------  T H R E A D  ---------------

Current thread (0x0000017a7f355f40):  JavaThread "C2 CompilerThread0" daemon [_thread_in_native, id=9096, stack(0x00000076dbd00000,0x00000076dbe00000)]


Current CompileTask:
C2:   1458 1098   !   4       java.util.jar.Attributes::read (494 bytes)

Stack: [0x00000076dbd00000,0x00000076dbe00000]
Native frames: (J=compiled Java code, j=interpreted, Vv=VM code, C=native code)
V  [jvm.dll+0x6bb95a]
V  [jvm.dll+0x8485fa]
V  [jvm.dll+0x84a1f5]
V  [jvm.dll+0x84a8f3]
V  [jvm.dll+0x280b0f]
V  [jvm.dll+0xc2b11]
V  [jvm.dll+0xc2e35]
V  [jvm.dll+0x3bb142]
V  [jvm.dll+0x3857f5]
V  [jvm.dll+0x384c6a]
V  [jvm.dll+0x24b259]
V  [jvm.dll+0x24a651]
V  [jvm.dll+0x1ce491]
V  [jvm.dll+0x259e1b]
V  [jvm.dll+0x2584f0]
V  [jvm.dll+0x3f2895]
V  [jvm.dll+0x7f4b56]
V  [jvm.dll+0x6ba5cb]
C  [ucrtbase.dll+0x21bb2]
C  [KERNEL32.DLL+0x17614]
C  [ntdll.dll+0x526b1]


---------------  P R O C E S S  ---------------

Threads class SMR info:
_java_thread_list=0x0000017a17a21ec0, length=15, elements={
0x0000017a761bd680, 0x0000017a7f341300, 0x0000017a7f3462b0, 0x0000017a7f34a230,
0x0000017a7f34dc90, 0x0000017a7f34f780, 0x0000017a7f352020, 0x0000017a7f355f40,
0x0000017a7f358680, 0x0000017a171c0b00, 0x0000017a17345b10, 0x0000017a17898540,
0x0000017a17738ac0, 0x0000017a18022320, 0x0000017a18062ce0
}

Java Threads: ( => current thread )
  0x0000017a761bd680 JavaThread "main" [_thread_blocked, id=9576, stack(0x00000076db000000,0x00000076db100000)]
  0x0000017a7f341300 JavaThread "Reference Handler" daemon [_thread_blocked, id=2416, stack(0x00000076db700000,0x00000076db800000)]
  0x0000017a7f3462b0 JavaThread "Finalizer" daemon [_thread_blocked, id=2952, stack(0x00000076db800000,0x00000076db900000)]
  0x0000017a7f34a230 JavaThread "Signal Dispatcher" daemon [_thread_blocked, id=2516, stack(0x00000076db900000,0x00000076dba00000)]
  0x0000017a7f34dc90 JavaThread "Attach Listener" daemon [_thread_blocked, id=5764, stack(0x00000076dba00000,0x00000076dbb00000)]
  0x0000017a7f34f780 JavaThread "Service Thread" daemon [_thread_blocked, id=10016, stack(0x00000076dbb00000,0x00000076dbc00000)]
  0x0000017a7f352020 JavaThread "Monitor Deflation Thread" daemon [_thread_blocked, id=2732, stack(0x00000076dbc00000,0x00000076dbd00000)]
=>0x0000017a7f355f40 JavaThread "C2 CompilerThread0" daemon [_thread_in_native, id=9096, stack(0x00000076dbd00000,0x00000076dbe00000)]
  0x0000017a7f358680 JavaThread "C1 CompilerThread0" daemon [_thread_blocked, id=9568, stack(0x00000076dbe00000,0x00000076dbf00000)]
  0x0000017a171c0b00 JavaThread "Common-Cleaner" daemon [_thread_blocked, id=7908, stack(0x00000076dbf00000,0x00000076dc000000)]
  0x0000017a17345b10 JavaThread "C2 CompilerThread1" daemon [_thread_in_native, id=10312, stack(0x00000076dc000000,0x00000076dc100000)]
  0x0000017a17898540 JavaThread "Monitor Ctrl-Break" daemon [_thread_in_native, id=11452, stack(0x00000076dc100000,0x00000076dc200000)]
  0x0000017a17738ac0 JavaThread "Notification Thread" daemon [_thread_blocked, id=7856, stack(0x00000076dc200000,0x00000076dc300000)]
  0x0000017a18022320 JavaThread "Thread-0" [_thread_blocked, id=12776, stack(0x00000076dc700000,0x00000076dc800000)]
  0x0000017a18062ce0 JavaThread "restartedMain" [_thread_in_vm, id=692, stack(0x00000076dc800000,0x00000076dc900000)]

Other Threads:
  0x0000017a7f320880 VMThread "VM Thread" [stack: 0x00000076db600000,0x00000076db700000] [id=6684]
  0x0000017a178c8c10 WatcherThread "VM Periodic Task Thread" [stack: 0x00000076dc300000,0x00000076dc400000] [id=8492]
  0x0000017a7621cae0 WorkerThread "GC Thread#0" [stack: 0x00000076db100000,0x00000076db200000] [id=952]
  0x0000017a179e02b0 WorkerThread "GC Thread#1" [stack: 0x00000076dc400000,0x00000076dc500000] [id=2520]
  0x0000017a179e0580 WorkerThread "GC Thread#2" [stack: 0x00000076dc500000,0x00000076dc600000] [id=12960]
  0x0000017a17a1ebb0 WorkerThread "GC Thread#3" [stack: 0x00000076dc600000,0x00000076dc700000] [id=7748]
  0x0000017a7622e5d0 ConcurrentGCThread "G1 Main Marker" [stack: 0x00000076db200000,0x00000076db300000] [id=10408]
  0x0000017a7622f0b0 WorkerThread "G1 Conc#0" [stack: 0x00000076db300000,0x00000076db400000] [id=10448]
  0x0000017a7f1d3870 ConcurrentGCThread "G1 Refine#0" [stack: 0x00000076db400000,0x00000076db500000] [id=11664]
  0x0000017a7627d120 ConcurrentGCThread "G1 Service" [stack: 0x00000076db500000,0x00000076db600000] [id=1668]

Threads with active compile tasks:
C2 CompilerThread0     1515 1098   !   4       java.util.jar.Attributes::read (494 bytes)
C2 CompilerThread1     1515 1117       4       java.util.ImmutableCollections$MapN::probe (60 bytes)

VM state: not at safepoint (normal execution)

VM Mutex/Monitor currently owned by a thread: None

Heap address: 0x0000000081e00000, size: 2018 MB, Compressed Oops mode: 32-bit

CDS archive(s) mapped at: [0x0000000800000000-0x0000000800c60000-0x0000000800c60000), size 12976128, SharedBaseAddress: 0x0000000800000000, ArchiveRelocationMode: 0.
Compressed class space mapped at: 0x0000000801000000-0x0000000841000000, reserved size: 1073741824
Narrow klass base: 0x0000000800000000, Narrow klass shift: 0, Narrow klass range: 0x100000000

GC Precious Log:
 CardTable entry size: 512
 Card Set container configuration: InlinePtr #cards 5 size 8 Array Of Cards #cards 12 size 40 Howl #buckets 4 coarsen threshold 1843 Howl Bitmap #cards 512 size 80 coarsen threshold 460 Card regions per heap region 1 cards per card region 2048
 CPUs: 4 total, 4 available
 Memory: 8067M
 Large Page Support: Disabled
 NUMA Support: Disabled
 Compressed Oops: Enabled (32-bit)
 Heap Region Size: 1M
 Heap Min Capacity: 8M
 Heap Initial Capacity: 128M
 Heap Max Capacity: 2018M
 Pre-touch: Disabled
 Parallel Workers: 4
 Concurrent Workers: 1
 Concurrent Refinement Workers: 4
 Periodic GC: Disabled

Heap:
 garbage-first heap   total 131072K, used 19018K [0x0000000081e00000, 0x0000000100000000)
  region size 1024K, 10 young (10240K), 2 survivors (2048K)
 Metaspace       used 5307K, committed 5568K, reserved 1114112K
  class space    used 570K, committed 704K, reserved 1048576K

Heap Regions: E=young(eden), S=young(survivor), O=old, HS=humongous(starts), HC=humongous(continues), CS=collection set, F=free, OA=open archive, CA=closed archive, TAMS=top-at-mark-start, PB=parsable bottom
|   0|0x0000000081e00000, 0x0000000081f00000, 0x0000000081f00000|100%|HS|  |TAMS 0x0000000081e00000| PB 0x0000000081e00000| Complete 
|   1|0x0000000081f00000, 0x0000000082000000, 0x0000000082000000|100%|HS|  |TAMS 0x0000000081f00000| PB 0x0000000081f00000| Complete 
|   2|0x0000000082000000, 0x0000000082100000, 0x0000000082100000|100%| O|  |TAMS 0x0000000082000000| PB 0x0000000082000000| Untracked 
|   3|0x0000000082100000, 0x0000000082200000, 0x0000000082200000|100%| O|  |TAMS 0x0000000082100000| PB 0x0000000082100000| Untracked 
|   4|0x0000000082200000, 0x0000000082300000, 0x0000000082300000|100%| O|  |TAMS 0x0000000082200000| PB 0x0000000082200000| Untracked 
|   5|0x0000000082300000, 0x0000000082400000, 0x0000000082400000|100%| O|  |TAMS 0x0000000082300000| PB 0x0000000082300000| Untracked 
|   6|0x0000000082400000, 0x0000000082500000, 0x0000000082500000|100%| O|  |TAMS 0x0000000082400000| PB 0x0000000082400000| Untracked 
|   7|0x0000000082500000, 0x0000000082600000, 0x0000000082600000|100%| O|  |TAMS 0x0000000082500000| PB 0x0000000082500000| Untracked 
|   8|0x0000000082600000, 0x00000000826c8800, 0x0000000082700000| 78%| O|  |TAMS 0x0000000082600000| PB 0x0000000082600000| Untracked 
|   9|0x0000000082700000, 0x0000000082800000, 0x0000000082800000|100%|HS|  |TAMS 0x0000000082700000| PB 0x0000000082700000| Complete 
|  10|0x0000000082800000, 0x0000000082800000, 0x0000000082900000|  0%| F|  |TAMS 0x0000000082800000| PB 0x0000000082800000| Untracked 
|  11|0x0000000082900000, 0x0000000082900000, 0x0000000082a00000|  0%| F|  |TAMS 0x0000000082900000| PB 0x0000000082900000| Untracked 
|  12|0x0000000082a00000, 0x0000000082a00000, 0x0000000082b00000|  0%| F|  |TAMS 0x0000000082a00000| PB 0x0000000082a00000| Untracked 
|  13|0x0000000082b00000, 0x0000000082b00000, 0x0000000082c00000|  0%| F|  |TAMS 0x0000000082b00000| PB 0x0000000082b00000| Untracked 
|  14|0x0000000082c00000, 0x0000000082c00000, 0x0000000082d00000|  0%| F|  |TAMS 0x0000000082c00000| PB 0x0000000082c00000| Untracked 
|  15|0x0000000082d00000, 0x0000000082d00000, 0x0000000082e00000|  0%| F|  |TAMS 0x0000000082d00000| PB 0x0000000082d00000| Untracked 
|  16|0x0000000082e00000, 0x0000000082e00000, 0x0000000082f00000|  0%| F|  |TAMS 0x0000000082e00000| PB 0x0000000082e00000| Untracked 
|  17|0x0000000082f00000, 0x0000000082f00000, 0x0000000083000000|  0%| F|  |TAMS 0x0000000082f00000| PB 0x0000000082f00000| Untracked 
|  18|0x0000000083000000, 0x0000000083000000, 0x0000000083100000|  0%| F|  |TAMS 0x0000000083000000| PB 0x0000000083000000| Untracked 
|  19|0x0000000083100000, 0x0000000083100000, 0x0000000083200000|  0%| F|  |TAMS 0x0000000083100000| PB 0x0000000083100000| Untracked 
|  20|0x0000000083200000, 0x0000000083200000, 0x0000000083300000|  0%| F|  |TAMS 0x0000000083200000| PB 0x0000000083200000| Untracked 
|  21|0x0000000083300000, 0x0000000083300000, 0x0000000083400000|  0%| F|  |TAMS 0x0000000083300000| PB 0x0000000083300000| Untracked 
|  22|0x0000000083400000, 0x0000000083400000, 0x0000000083500000|  0%| F|  |TAMS 0x0000000083400000| PB 0x0000000083400000| Untracked 
|  23|0x0000000083500000, 0x0000000083500000, 0x0000000083600000|  0%| F|  |TAMS 0x0000000083500000| PB 0x0000000083500000| Untracked 
|  24|0x0000000083600000, 0x0000000083600000, 0x0000000083700000|  0%| F|  |TAMS 0x0000000083600000| PB 0x0000000083600000| Untracked 
|  25|0x0000000083700000, 0x0000000083700000, 0x0000000083800000|  0%| F|  |TAMS 0x0000000083700000| PB 0x0000000083700000| Untracked 
|  26|0x0000000083800000, 0x0000000083800000, 0x0000000083900000|  0%| F|  |TAMS 0x0000000083800000| PB 0x0000000083800000| Untracked 
|  27|0x0000000083900000, 0x0000000083900000, 0x0000000083a00000|  0%| F|  |TAMS 0x0000000083900000| PB 0x0000000083900000| Untracked 
|  28|0x0000000083a00000, 0x0000000083a00000, 0x0000000083b00000|  0%| F|  |TAMS 0x0000000083a00000| PB 0x0000000083a00000| Untracked 
|  29|0x0000000083b00000, 0x0000000083b00000, 0x0000000083c00000|  0%| F|  |TAMS 0x0000000083b00000| PB 0x0000000083b00000| Untracked 
|  30|0x0000000083c00000, 0x0000000083c00000, 0x0000000083d00000|  0%| F|  |TAMS 0x0000000083c00000| PB 0x0000000083c00000| Untracked 
|  31|0x0000000083d00000, 0x0000000083d00000, 0x0000000083e00000|  0%| F|  |TAMS 0x0000000083d00000| PB 0x0000000083d00000| Untracked 
|  32|0x0000000083e00000, 0x0000000083e00000, 0x0000000083f00000|  0%| F|  |TAMS 0x0000000083e00000| PB 0x0000000083e00000| Untracked 
|  33|0x0000000083f00000, 0x0000000083f00000, 0x0000000084000000|  0%| F|  |TAMS 0x0000000083f00000| PB 0x0000000083f00000| Untracked 
|  34|0x0000000084000000, 0x0000000084000000, 0x0000000084100000|  0%| F|  |TAMS 0x0000000084000000| PB 0x0000000084000000| Untracked 
|  35|0x0000000084100000, 0x0000000084100000, 0x0000000084200000|  0%| F|  |TAMS 0x0000000084100000| PB 0x0000000084100000| Untracked 
|  36|0x0000000084200000, 0x0000000084200000, 0x0000000084300000|  0%| F|  |TAMS 0x0000000084200000| PB 0x0000000084200000| Untracked 
|  37|0x0000000084300000, 0x0000000084300000, 0x0000000084400000|  0%| F|  |TAMS 0x0000000084300000| PB 0x0000000084300000| Untracked 
|  38|0x0000000084400000, 0x0000000084400000, 0x0000000084500000|  0%| F|  |TAMS 0x0000000084400000| PB 0x0000000084400000| Untracked 
|  39|0x0000000084500000, 0x0000000084500000, 0x0000000084600000|  0%| F|  |TAMS 0x0000000084500000| PB 0x0000000084500000| Untracked 
|  40|0x0000000084600000, 0x0000000084600000, 0x0000000084700000|  0%| F|  |TAMS 0x0000000084600000| PB 0x0000000084600000| Untracked 
|  41|0x0000000084700000, 0x0000000084700000, 0x0000000084800000|  0%| F|  |TAMS 0x0000000084700000| PB 0x0000000084700000| Untracked 
|  42|0x0000000084800000, 0x0000000084800000, 0x0000000084900000|  0%| F|  |TAMS 0x0000000084800000| PB 0x0000000084800000| Untracked 
|  43|0x0000000084900000, 0x0000000084900000, 0x0000000084a00000|  0%| F|  |TAMS 0x0000000084900000| PB 0x0000000084900000| Untracked 
|  44|0x0000000084a00000, 0x0000000084a00000, 0x0000000084b00000|  0%| F|  |TAMS 0x0000000084a00000| PB 0x0000000084a00000| Untracked 
|  45|0x0000000084b00000, 0x0000000084b00000, 0x0000000084c00000|  0%| F|  |TAMS 0x0000000084b00000| PB 0x0000000084b00000| Untracked 
|  46|0x0000000084c00000, 0x0000000084c00000, 0x0000000084d00000|  0%| F|  |TAMS 0x0000000084c00000| PB 0x0000000084c00000| Untracked 
|  47|0x0000000084d00000, 0x0000000084d00000, 0x0000000084e00000|  0%| F|  |TAMS 0x0000000084d00000| PB 0x0000000084d00000| Untracked 
|  48|0x0000000084e00000, 0x0000000084e00000, 0x0000000084f00000|  0%| F|  |TAMS 0x0000000084e00000| PB 0x0000000084e00000| Untracked 
|  49|0x0000000084f00000, 0x0000000084f00000, 0x0000000085000000|  0%| F|  |TAMS 0x0000000084f00000| PB 0x0000000084f00000| Untracked 
|  50|0x0000000085000000, 0x0000000085000000, 0x0000000085100000|  0%| F|  |TAMS 0x0000000085000000| PB 0x0000000085000000| Untracked 
|  51|0x0000000085100000, 0x0000000085100000, 0x0000000085200000|  0%| F|  |TAMS 0x0000000085100000| PB 0x0000000085100000| Untracked 
|  52|0x0000000085200000, 0x0000000085200000, 0x0000000085300000|  0%| F|  |TAMS 0x0000000085200000| PB 0x0000000085200000| Untracked 
|  53|0x0000000085300000, 0x0000000085300000, 0x0000000085400000|  0%| F|  |TAMS 0x0000000085300000| PB 0x0000000085300000| Untracked 
|  54|0x0000000085400000, 0x0000000085400000, 0x0000000085500000|  0%| F|  |TAMS 0x0000000085400000| PB 0x0000000085400000| Untracked 
|  55|0x0000000085500000, 0x0000000085500000, 0x0000000085600000|  0%| F|  |TAMS 0x0000000085500000| PB 0x0000000085500000| Untracked 
|  56|0x0000000085600000, 0x0000000085600000, 0x0000000085700000|  0%| F|  |TAMS 0x0000000085600000| PB 0x0000000085600000| Untracked 
|  57|0x0000000085700000, 0x0000000085700000, 0x0000000085800000|  0%| F|  |TAMS 0x0000000085700000| PB 0x0000000085700000| Untracked 
|  58|0x0000000085800000, 0x0000000085800000, 0x0000000085900000|  0%| F|  |TAMS 0x0000000085800000| PB 0x0000000085800000| Untracked 
|  59|0x0000000085900000, 0x0000000085900000, 0x0000000085a00000|  0%| F|  |TAMS 0x0000000085900000| PB 0x0000000085900000| Untracked 
|  60|0x0000000085a00000, 0x0000000085a00000, 0x0000000085b00000|  0%| F|  |TAMS 0x0000000085a00000| PB 0x0000000085a00000| Untracked 
|  61|0x0000000085b00000, 0x0000000085b00000, 0x0000000085c00000|  0%| F|  |TAMS 0x0000000085b00000| PB 0x0000000085b00000| Untracked 
|  62|0x0000000085c00000, 0x0000000085c00000, 0x0000000085d00000|  0%| F|  |TAMS 0x0000000085c00000| PB 0x0000000085c00000| Untracked 
|  63|0x0000000085d00000, 0x0000000085d00000, 0x0000000085e00000|  0%| F|  |TAMS 0x0000000085d00000| PB 0x0000000085d00000| Untracked 
|  64|0x0000000085e00000, 0x0000000085e00000, 0x0000000085f00000|  0%| F|  |TAMS 0x0000000085e00000| PB 0x0000000085e00000| Untracked 
|  65|0x0000000085f00000, 0x0000000085f00000, 0x0000000086000000|  0%| F|  |TAMS 0x0000000085f00000| PB 0x0000000085f00000| Untracked 
|  66|0x0000000086000000, 0x0000000086000000, 0x0000000086100000|  0%| F|  |TAMS 0x0000000086000000| PB 0x0000000086000000| Untracked 
|  67|0x0000000086100000, 0x0000000086100000, 0x0000000086200000|  0%| F|  |TAMS 0x0000000086100000| PB 0x0000000086100000| Untracked 
|  68|0x0000000086200000, 0x0000000086200000, 0x0000000086300000|  0%| F|  |TAMS 0x0000000086200000| PB 0x0000000086200000| Untracked 
|  69|0x0000000086300000, 0x0000000086300000, 0x0000000086400000|  0%| F|  |TAMS 0x0000000086300000| PB 0x0000000086300000| Untracked 
|  70|0x0000000086400000, 0x0000000086400000, 0x0000000086500000|  0%| F|  |TAMS 0x0000000086400000| PB 0x0000000086400000| Untracked 
|  71|0x0000000086500000, 0x0000000086500000, 0x0000000086600000|  0%| F|  |TAMS 0x0000000086500000| PB 0x0000000086500000| Untracked 
|  72|0x0000000086600000, 0x0000000086600000, 0x0000000086700000|  0%| F|  |TAMS 0x0000000086600000| PB 0x0000000086600000| Untracked 
|  73|0x0000000086700000, 0x0000000086700000, 0x0000000086800000|  0%| F|  |TAMS 0x0000000086700000| PB 0x0000000086700000| Untracked 
|  74|0x0000000086800000, 0x0000000086800000, 0x0000000086900000|  0%| F|  |TAMS 0x0000000086800000| PB 0x0000000086800000| Untracked 
|  75|0x0000000086900000, 0x0000000086900000, 0x0000000086a00000|  0%| F|  |TAMS 0x0000000086900000| PB 0x0000000086900000| Untracked 
|  76|0x0000000086a00000, 0x0000000086a00000, 0x0000000086b00000|  0%| F|  |TAMS 0x0000000086a00000| PB 0x0000000086a00000| Untracked 
|  77|0x0000000086b00000, 0x0000000086b00000, 0x0000000086c00000|  0%| F|  |TAMS 0x0000000086b00000| PB 0x0000000086b00000| Untracked 
|  78|0x0000000086c00000, 0x0000000086c00000, 0x0000000086d00000|  0%| F|  |TAMS 0x0000000086c00000| PB 0x0000000086c00000| Untracked 
|  79|0x0000000086d00000, 0x0000000086d00000, 0x0000000086e00000|  0%| F|  |TAMS 0x0000000086d00000| PB 0x0000000086d00000| Untracked 
|  80|0x0000000086e00000, 0x0000000086e00000, 0x0000000086f00000|  0%| F|  |TAMS 0x0000000086e00000| PB 0x0000000086e00000| Untracked 
|  81|0x0000000086f00000, 0x0000000086f00000, 0x0000000087000000|  0%| F|  |TAMS 0x0000000086f00000| PB 0x0000000086f00000| Untracked 
|  82|0x0000000087000000, 0x0000000087000000, 0x0000000087100000|  0%| F|  |TAMS 0x0000000087000000| PB 0x0000000087000000| Untracked 
|  83|0x0000000087100000, 0x0000000087100000, 0x0000000087200000|  0%| F|  |TAMS 0x0000000087100000| PB 0x0000000087100000| Untracked 
|  84|0x0000000087200000, 0x0000000087200000, 0x0000000087300000|  0%| F|  |TAMS 0x0000000087200000| PB 0x0000000087200000| Untracked 
|  85|0x0000000087300000, 0x0000000087300000, 0x0000000087400000|  0%| F|  |TAMS 0x0000000087300000| PB 0x0000000087300000| Untracked 
|  86|0x0000000087400000, 0x0000000087400000, 0x0000000087500000|  0%| F|  |TAMS 0x0000000087400000| PB 0x0000000087400000| Untracked 
|  87|0x0000000087500000, 0x0000000087500000, 0x0000000087600000|  0%| F|  |TAMS 0x0000000087500000| PB 0x0000000087500000| Untracked 
|  88|0x0000000087600000, 0x0000000087600000, 0x0000000087700000|  0%| F|  |TAMS 0x0000000087600000| PB 0x0000000087600000| Untracked 
|  89|0x0000000087700000, 0x0000000087700000, 0x0000000087800000|  0%| F|  |TAMS 0x0000000087700000| PB 0x0000000087700000| Untracked 
|  90|0x0000000087800000, 0x0000000087800000, 0x0000000087900000|  0%| F|  |TAMS 0x0000000087800000| PB 0x0000000087800000| Untracked 
|  91|0x0000000087900000, 0x0000000087900000, 0x0000000087a00000|  0%| F|  |TAMS 0x0000000087900000| PB 0x0000000087900000| Untracked 
|  92|0x0000000087a00000, 0x0000000087a00000, 0x0000000087b00000|  0%| F|  |TAMS 0x0000000087a00000| PB 0x0000000087a00000| Untracked 
|  93|0x0000000087b00000, 0x0000000087b00000, 0x0000000087c00000|  0%| F|  |TAMS 0x0000000087b00000| PB 0x0000000087b00000| Untracked 
|  94|0x0000000087c00000, 0x0000000087c00000, 0x0000000087d00000|  0%| F|  |TAMS 0x0000000087c00000| PB 0x0000000087c00000| Untracked 
|  95|0x0000000087d00000, 0x0000000087d00000, 0x0000000087e00000|  0%| F|  |TAMS 0x0000000087d00000| PB 0x0000000087d00000| Untracked 
|  96|0x0000000087e00000, 0x0000000087e00000, 0x0000000087f00000|  0%| F|  |TAMS 0x0000000087e00000| PB 0x0000000087e00000| Untracked 
|  97|0x0000000087f00000, 0x0000000087f00000, 0x0000000088000000|  0%| F|  |TAMS 0x0000000087f00000| PB 0x0000000087f00000| Untracked 
|  98|0x0000000088000000, 0x0000000088000000, 0x0000000088100000|  0%| F|  |TAMS 0x0000000088000000| PB 0x0000000088000000| Untracked 
|  99|0x0000000088100000, 0x0000000088100000, 0x0000000088200000|  0%| F|  |TAMS 0x0000000088100000| PB 0x0000000088100000| Untracked 
| 100|0x0000000088200000, 0x0000000088200000, 0x0000000088300000|  0%| F|  |TAMS 0x0000000088200000| PB 0x0000000088200000| Untracked 
| 101|0x0000000088300000, 0x0000000088300000, 0x0000000088400000|  0%| F|  |TAMS 0x0000000088300000| PB 0x0000000088300000| Untracked 
| 102|0x0000000088400000, 0x0000000088400000, 0x0000000088500000|  0%| F|  |TAMS 0x0000000088400000| PB 0x0000000088400000| Untracked 
| 103|0x0000000088500000, 0x0000000088500000, 0x0000000088600000|  0%| F|  |TAMS 0x0000000088500000| PB 0x0000000088500000| Untracked 
| 104|0x0000000088600000, 0x0000000088600000, 0x0000000088700000|  0%| F|  |TAMS 0x0000000088600000| PB 0x0000000088600000| Untracked 
| 105|0x0000000088700000, 0x0000000088700000, 0x0000000088800000|  0%| F|  |TAMS 0x0000000088700000| PB 0x0000000088700000| Untracked 
| 106|0x0000000088800000, 0x0000000088800000, 0x0000000088900000|  0%| F|  |TAMS 0x0000000088800000| PB 0x0000000088800000| Untracked 
| 107|0x0000000088900000, 0x0000000088900000, 0x0000000088a00000|  0%| F|  |TAMS 0x0000000088900000| PB 0x0000000088900000| Untracked 
| 108|0x0000000088a00000, 0x0000000088a00000, 0x0000000088b00000|  0%| F|  |TAMS 0x0000000088a00000| PB 0x0000000088a00000| Untracked 
| 109|0x0000000088b00000, 0x0000000088b00000, 0x0000000088c00000|  0%| F|  |TAMS 0x0000000088b00000| PB 0x0000000088b00000| Untracked 
| 110|0x0000000088c00000, 0x0000000088c00000, 0x0000000088d00000|  0%| F|  |TAMS 0x0000000088c00000| PB 0x0000000088c00000| Untracked 
| 111|0x0000000088d00000, 0x0000000088d00000, 0x0000000088e00000|  0%| F|  |TAMS 0x0000000088d00000| PB 0x0000000088d00000| Untracked 
| 112|0x0000000088e00000, 0x0000000088e00000, 0x0000000088f00000|  0%| F|  |TAMS 0x0000000088e00000| PB 0x0000000088e00000| Untracked 
| 113|0x0000000088f00000, 0x0000000088f00000, 0x0000000089000000|  0%| F|  |TAMS 0x0000000088f00000| PB 0x0000000088f00000| Untracked 
| 114|0x0000000089000000, 0x0000000089000000, 0x0000000089100000|  0%| F|  |TAMS 0x0000000089000000| PB 0x0000000089000000| Untracked 
| 115|0x0000000089100000, 0x00000000891ca2f0, 0x0000000089200000| 78%| S|CS|TAMS 0x0000000089100000| PB 0x0000000089100000| Complete 
| 116|0x0000000089200000, 0x0000000089300000, 0x0000000089300000|100%| S|CS|TAMS 0x0000000089200000| PB 0x0000000089200000| Complete 
| 117|0x0000000089300000, 0x0000000089300000, 0x0000000089400000|  0%| F|  |TAMS 0x0000000089300000| PB 0x0000000089300000| Untracked 
| 118|0x0000000089400000, 0x0000000089400000, 0x0000000089500000|  0%| F|  |TAMS 0x0000000089400000| PB 0x0000000089400000| Untracked 
| 119|0x0000000089500000, 0x0000000089500000, 0x0000000089600000|  0%| F|  |TAMS 0x0000000089500000| PB 0x0000000089500000| Untracked 
| 120|0x0000000089600000, 0x00000000896cb640, 0x0000000089700000| 79%| E|  |TAMS 0x0000000089600000| PB 0x0000000089600000| Complete 
| 121|0x0000000089700000, 0x0000000089800000, 0x0000000089800000|100%| E|CS|TAMS 0x0000000089700000| PB 0x0000000089700000| Complete 
| 122|0x0000000089800000, 0x0000000089900000, 0x0000000089900000|100%| E|CS|TAMS 0x0000000089800000| PB 0x0000000089800000| Complete 
| 123|0x0000000089900000, 0x0000000089a00000, 0x0000000089a00000|100%| E|CS|TAMS 0x0000000089900000| PB 0x0000000089900000| Complete 
| 124|0x0000000089a00000, 0x0000000089b00000, 0x0000000089b00000|100%| E|CS|TAMS 0x0000000089a00000| PB 0x0000000089a00000| Complete 
| 125|0x0000000089b00000, 0x0000000089c00000, 0x0000000089c00000|100%| E|CS|TAMS 0x0000000089b00000| PB 0x0000000089b00000| Complete 
| 126|0x0000000089c00000, 0x0000000089d00000, 0x0000000089d00000|100%| E|CS|TAMS 0x0000000089c00000| PB 0x0000000089c00000| Complete 
| 127|0x0000000089d00000, 0x0000000089e00000, 0x0000000089e00000|100%| E|CS|TAMS 0x0000000089d00000| PB 0x0000000089d00000| Complete 

Card table byte_map: [0x0000017a7e670000,0x0000017a7ea70000] _byte_map_base: 0x0000017a7e261000

Marking Bits: (CMBitMap*) 0x0000017a7621e030
 Bits: [0x0000017a0f000000, 0x0000017a10f88000)

Polling page: 0x0000017a74050000

Metaspace:

Usage:
  Non-class:      4.65 MB used.
      Class:    575.09 KB used.
       Both:      5.21 MB used.

Virtual space:
  Non-class space:       64.00 MB reserved,       4.75 MB (  7%) committed,  1 nodes.
      Class space:        1.00 GB reserved,     704.00 KB ( <1%) committed,  1 nodes.
             Both:        1.06 GB reserved,       5.44 MB ( <1%) committed. 

Chunk freelists:
   Non-Class:  2.01 MB
       Class:  3.16 MB
        Both:  5.18 MB

MaxMetaspaceSize: unlimited
CompressedClassSpaceSize: 1.00 GB
Initial GC threshold: 21.00 MB
Current GC threshold: 21.00 MB
CDS: on
MetaspaceReclaimPolicy: balanced
 - commit_granule_bytes: 65536.
 - commit_granule_words: 8192.
 - virtual_space_node_default_size: 8388608.
 - enlarge_chunks_in_place: 1.
 - new_chunks_are_fully_committed: 0.
 - uncommit_free_chunks: 1.
 - use_allocation_guard: 0.


Internal statistics:

num_allocs_failed_limit: 0.
num_arena_births: 116.
num_arena_deaths: 0.
num_vsnodes_births: 2.
num_vsnodes_deaths: 0.
num_space_committed: 87.
num_space_uncommitted: 0.
num_chunks_returned_to_freelist: 0.
num_chunks_taken_from_freelist: 247.
num_chunk_merges: 0.
num_chunk_splits: 146.
num_chunks_enlarged: 102.
num_inconsistent_stats: 0.

CodeHeap 'non-profiled nmethods': size=120000Kb used=423Kb max_used=423Kb free=119577Kb
 bounds [0x0000017a07ad0000, 0x0000017a07d40000, 0x0000017a0f000000]
CodeHeap 'profiled nmethods': size=120000Kb used=2233Kb max_used=2233Kb free=117766Kb
 bounds [0x0000017a00000000, 0x0000017a00270000, 0x0000017a07530000]
CodeHeap 'non-nmethods': size=5760Kb used=1417Kb max_used=1431Kb free=4342Kb
 bounds [0x0000017a07530000, 0x0000017a077a0000, 0x0000017a07ad0000]
 total_blobs=1651 nmethods=1202 adapters=359
 compilation: enabled
              stopped_count=0, restarted_count=0
 full_count=0

Compilation events (20 events):
Event: 1.436 Thread 0x0000017a7f358680 nmethod 1140 0x0000017a00202110 code [0x0000017a002022e0, 0x0000017a002025a8]
Event: 1.436 Thread 0x0000017a7f358680 1142       3       java.lang.invoke.MethodHandles$Lookup::in (283 bytes)
Event: 1.438 Thread 0x0000017a7f358680 nmethod 1142 0x0000017a00202690 code [0x0000017a00202a60, 0x0000017a002043a0]
Event: 1.438 Thread 0x0000017a7f358680 1143       3       java.security.SecureClassLoader$CodeSourceKey::hashCode (21 bytes)
Event: 1.439 Thread 0x0000017a7f358680 nmethod 1143 0x0000017a00204c10 code [0x0000017a00204dc0, 0x0000017a00204fa8]
Event: 1.439 Thread 0x0000017a7f358680 1144       3       java.lang.ClassLoader::checkCerts (121 bytes)
Event: 1.440 Thread 0x0000017a7f358680 nmethod 1144 0x0000017a00205090 code [0x0000017a00205360, 0x0000017a00206118]
Event: 1.440 Thread 0x0000017a7f358680 1146       3       java.lang.ClassLoader::getNamedPackage (73 bytes)
Event: 1.441 Thread 0x0000017a7f358680 nmethod 1146 0x0000017a00206690 code [0x0000017a00206860, 0x0000017a00206dc0]
Event: 1.443 Thread 0x0000017a7f358680 1147       3       sun.nio.fs.WindowsPath::<init> (26 bytes)
Event: 1.443 Thread 0x0000017a7f358680 nmethod 1147 0x0000017a00206f90 code [0x0000017a00207120, 0x0000017a002073f8]
Event: 1.443 Thread 0x0000017a7f358680 1148       3       sun.nio.fs.WindowsPathParser::parse (6 bytes)
Event: 1.444 Thread 0x0000017a7f358680 nmethod 1148 0x0000017a00207490 code [0x0000017a00207620, 0x0000017a00207738]
Event: 1.444 Thread 0x0000017a7f358680 1149       3       sun.nio.fs.WindowsPathParser::parse (384 bytes)
Event: 1.451 Thread 0x0000017a7f358680 nmethod 1149 0x0000017a00207810 code [0x0000017a00207ec0, 0x0000017a0020be68]
Event: 1.451 Thread 0x0000017a7f358680 1156       3       java.io.WinNTFileSystem::normalize (143 bytes)
Event: 1.452 Thread 0x0000017a7f358680 nmethod 1156 0x0000017a0020d510 code [0x0000017a0020d780, 0x0000017a0020e238]
Event: 1.452 Thread 0x0000017a7f358680 1155  s!   2       jdk.internal.loader.URLClassPath::getLoader (194 bytes)
Event: 1.454 Thread 0x0000017a7f358680 nmethod 1155 0x0000017a0020e610 code [0x0000017a0020e860, 0x0000017a0020f260]
Event: 1.454 Thread 0x0000017a7f358680 1151       3       java.lang.String::substring (10 bytes)

GC Heap History (4 events):
Event: 0.775 GC heap before
{Heap before GC invocations=0 (full 0):
 garbage-first heap   total 131072K, used 15360K [0x0000000081e00000, 0x0000000100000000)
  region size 1024K, 13 young (13312K), 0 survivors (0K)
 Metaspace       used 2360K, committed 2432K, reserved 1114112K
  class space    used 204K, committed 256K, reserved 1048576K
}
Event: 0.781 GC heap after
{Heap after GC invocations=1 (full 0):
 garbage-first heap   total 131072K, used 8957K [0x0000000081e00000, 0x0000000100000000)
  region size 1024K, 2 young (2048K), 2 survivors (2048K)
 Metaspace       used 2360K, committed 2432K, reserved 1114112K
  class space    used 204K, committed 256K, reserved 1048576K
}
Event: 1.340 GC heap before
{Heap before GC invocations=1 (full 0):
 garbage-first heap   total 131072K, used 20221K [0x0000000081e00000, 0x0000000100000000)
  region size 1024K, 13 young (13312K), 2 survivors (2048K)
 Metaspace       used 5053K, committed 5376K, reserved 1114112K
  class space    used 543K, committed 704K, reserved 1048576K
}
Event: 1.345 GC heap after
{Heap after GC invocations=2 (full 0):
 garbage-first heap   total 131072K, used 10826K [0x0000000081e00000, 0x0000000100000000)
  region size 1024K, 2 young (2048K), 2 survivors (2048K)
 Metaspace       used 5053K, committed 5376K, reserved 1114112K
  class space    used 543K, committed 704K, reserved 1048576K
}

Dll operation events (12 events):
Event: 0.031 Loaded shared library C:\Program Files\Java\jdk-20\bin\java.dll
Event: 0.051 Loaded shared library C:\Program Files\Java\jdk-20\bin\jsvml.dll
Event: 0.285 Loaded shared library C:\Program Files\Java\jdk-20\bin\zip.dll
Event: 0.290 Loaded shared library C:\Program Files\Java\jdk-20\bin\instrument.dll
Event: 0.299 Loaded shared library C:\Program Files\Java\jdk-20\bin\net.dll
Event: 0.302 Loaded shared library C:\Program Files\Java\jdk-20\bin\nio.dll
Event: 0.308 Loaded shared library C:\Program Files\Java\jdk-20\bin\zip.dll
Event: 0.568 Loaded shared library C:\Program Files\JetBrains\IntelliJ IDEA Community Edition 2022.3.1\bin\breakgen64.dll
Event: 0.584 Loaded shared library C:\Program Files\Java\jdk-20\bin\extnet.dll
Event: 0.633 Loaded shared library C:\Program Files\Java\jdk-20\bin\jimage.dll
Event: 1.248 Loaded shared library C:\Program Files\Java\jdk-20\bin\management.dll
Event: 1.252 Loaded shared library C:\Program Files\Java\jdk-20\bin\management_ext.dll

Deoptimization events (20 events):
Event: 1.406 Thread 0x0000017a761bd680 DEOPT PACKING pc=0x0000017a001ed758 sp=0x00000076db0fe260
Event: 1.406 Thread 0x0000017a761bd680 DEOPT UNPACKING pc=0x0000017a0759a4c2 sp=0x00000076db0fd6f0 mode 0
Event: 1.409 Thread 0x0000017a761bd680 DEOPT PACKING pc=0x0000017a001ed758 sp=0x00000076db0fe260
Event: 1.409 Thread 0x0000017a761bd680 DEOPT UNPACKING pc=0x0000017a0759a4c2 sp=0x00000076db0fd6f0 mode 0
Event: 1.411 Thread 0x0000017a761bd680 DEOPT PACKING pc=0x0000017a001ed758 sp=0x00000076db0fe260
Event: 1.411 Thread 0x0000017a761bd680 DEOPT UNPACKING pc=0x0000017a0759a4c2 sp=0x00000076db0fd6f0 mode 0
Event: 1.416 Thread 0x0000017a761bd680 DEOPT PACKING pc=0x0000017a001ed758 sp=0x00000076db0fe1c0
Event: 1.416 Thread 0x0000017a761bd680 DEOPT UNPACKING pc=0x0000017a0759a4c2 sp=0x00000076db0fd650 mode 0
Event: 1.425 Thread 0x0000017a761bd680 Uncommon trap: trap_request=0xffffff45 fr.pc=0x0000017a07b23818 relative=0x00000000000006b8
Event: 1.425 Thread 0x0000017a761bd680 Uncommon trap: reason=unstable_if action=reinterpret pc=0x0000017a07b23818 method=java.util.regex.Matcher.search(I)Z @ 30 c2
Event: 1.425 Thread 0x0000017a761bd680 DEOPT PACKING pc=0x0000017a07b23818 sp=0x00000076db0fe590
Event: 1.425 Thread 0x0000017a761bd680 DEOPT UNPACKING pc=0x0000017a07599d22 sp=0x00000076db0fe570 mode 2
Event: 1.440 Thread 0x0000017a18062ce0 Uncommon trap: trap_request=0xffffff54 fr.pc=0x0000017a07b07d48 relative=0x00000000000002a8
Event: 1.440 Thread 0x0000017a18062ce0 Uncommon trap: reason=speculate_null_assert action=make_not_entrant pc=0x0000017a07b07d48 method=jdk.internal.loader.URLClassPath.getLoader(I)Ljdk/internal/loader/URLClassPath$Loader; @ 41 c2
Event: 1.440 Thread 0x0000017a18062ce0 DEOPT PACKING pc=0x0000017a07b07d48 sp=0x00000076dc8fe590
Event: 1.440 Thread 0x0000017a18062ce0 DEOPT UNPACKING pc=0x0000017a07599d22 sp=0x00000076dc8fe530 mode 2
Event: 1.443 Thread 0x0000017a18062ce0 Uncommon trap: trap_request=0xffffff45 fr.pc=0x0000017a07b1e7b8 relative=0x00000000000013f8
Event: 1.443 Thread 0x0000017a18062ce0 Uncommon trap: reason=unstable_if action=reinterpret pc=0x0000017a07b1e7b8 method=java.io.WinNTFileSystem.normalize(Ljava/lang/String;)Ljava/lang/String; @ 128 c2
Event: 1.443 Thread 0x0000017a18062ce0 DEOPT PACKING pc=0x0000017a07b1e7b8 sp=0x00000076dc8fdf20
Event: 1.443 Thread 0x0000017a18062ce0 DEOPT UNPACKING pc=0x0000017a07599d22 sp=0x00000076dc8fdef8 mode 2

Classes loaded (20 events):
Event: 1.260 Loading class java/util/Collections$2
Event: 1.260 Loading class java/util/Collections$2 done
Event: 1.424 Loading class java/util/regex/Pattern$BnM
Event: 1.424 Loading class java/util/regex/Pattern$BnM done
Event: 1.424 Loading class java/util/regex/Pattern$SliceS
Event: 1.424 Loading class java/util/regex/Pattern$SliceS done
Event: 1.428 Loading class java/lang/Thread$ThreadNumbering
Event: 1.428 Loading class java/lang/Thread$ThreadNumbering done
Event: 1.428 Loading class java/util/concurrent/LinkedBlockingDeque$Node
Event: 1.428 Loading class java/util/concurrent/LinkedBlockingDeque$Node done
Event: 1.431 Loading class java/lang/invoke/DirectMethodHandle$StaticAccessor
Event: 1.432 Loading class java/lang/invoke/DirectMethodHandle$StaticAccessor done
Event: 1.439 Loading class java/lang/Thread$Constants$1
Event: 1.439 Loading class java/lang/Thread$Constants$1 done
Event: 1.439 Loading class java/lang/Thread$Constants$2
Event: 1.440 Loading class java/lang/Thread$Constants$2 done
Event: 1.440 Loading class java/lang/Thread$Constants$2$1
Event: 1.440 Loading class java/lang/Thread$Constants$2$1 done
Event: 1.440 Loading class java/net/URLClassLoader$1
Event: 1.440 Loading class java/net/URLClassLoader$1 done

Classes unloaded (0 events):
No events

Classes redefined (0 events):
No events

Internal exceptions (14 events):
Event: 0.551 Thread 0x0000017a761bd680 Exception <a 'java/lang/NoSuchMethodError'{0x0000000089337240}: 'void java.lang.invoke.DirectMethodHandle$Holder.invokeStatic(java.lang.Object, java.lang.Object, java.lang.Object)'> (0x0000000089337240) 
thrown [s\open\src\hotspot\share\interpreter\linkResolver.cpp, line 773]
Event: 0.558 Thread 0x0000017a761bd680 Exception <a 'java/lang/NoSuchMethodError'{0x000000008934e748}: 'java.lang.Object java.lang.invoke.Invokers$Holder.invokeExact_MT(java.lang.Object, java.lang.Object, java.lang.Object, java.lang.Object, java.lang.Object)'> (0x000000008934e748) 
thrown [s\open\src\hotspot\share\interpreter\linkResolver.cpp, line 773]
Event: 0.586 Thread 0x0000017a17898540 Exception <a 'java/lang/NoSuchMethodError'{0x0000000089364080}: 'void java.lang.invoke.DirectMethodHandle$Holder.invokeStatic(java.lang.Object, java.lang.Object)'> (0x0000000089364080) 
thrown [s\open\src\hotspot\share\interpreter\linkResolver.cpp, line 773]
Event: 0.723 Thread 0x0000017a761bd680 Exception <a 'java/lang/ClassNotFoundException'{0x000000008917ae88}: javax/smartcardio/CardPermission> (0x000000008917ae88) 
thrown [s\open\src\hotspot\share\classfile\systemDictionary.cpp, line 305]
Event: 0.729 Thread 0x0000017a761bd680 Exception <a 'java/io/FileNotFoundException'{0x0000000089185638}> (0x0000000089185638) 
thrown [s\open\src\hotspot\share\prims\jni.cpp, line 519]
Event: 0.884 Thread 0x0000017a761bd680 Exception <a 'java/lang/NoSuchMethodError'{0x0000000089cbd390}: 'void java.lang.invoke.DirectMethodHandle$Holder.invokeStatic(java.lang.Object, java.lang.Object, java.lang.Object, java.lang.Object)'> (0x0000000089cbd390) 
thrown [s\open\src\hotspot\share\interpreter\linkResolver.cpp, line 773]
Event: 1.020 Thread 0x0000017a7f34dc90 Exception <a 'java/lang/NoSuchMethodError'{0x0000000089a4b1e8}: 'java.lang.Object java.lang.invoke.Invokers$Holder.invokeExact_MT(java.lang.Object, java.lang.Object, java.lang.Object, java.lang.Object, java.lang.Object, java.lang.Object)'> (0x0000000089a4b1e8) 
thrown [s\open\src\hotspot\share\interpreter\linkResolver.cpp, line 773]
Event: 1.027 Thread 0x0000017a761bd680 Exception <a 'java/lang/NoSuchMethodError'{0x0000000089a79950}: 'int java.lang.invoke.DirectMethodHandle$Holder.invokeStaticInit(java.lang.Object, java.lang.Object)'> (0x0000000089a79950) 
thrown [s\open\src\hotspot\share\interpreter\linkResolver.cpp, line 773]
Event: 1.114 Thread 0x0000017a761bd680 Exception <a 'java/lang/NoSuchMethodError'{0x0000000089802ba8}: 'void java.lang.invoke.DirectMethodHandle$Holder.invokeInterface(java.lang.Object, java.lang.Object, java.lang.Object, java.lang.Object)'> (0x0000000089802ba8) 
thrown [s\open\src\hotspot\share\interpreter\linkResolver.cpp, line 773]
Event: 1.172 Thread 0x0000017a761bd680 Exception <a 'java/lang/NoSuchMethodError'{0x0000000089723078}: 'java.lang.Object java.lang.invoke.DirectMethodHandle$Holder.invokeInterface(java.lang.Object, java.lang.Object)'> (0x0000000089723078) 
thrown [s\open\src\hotspot\share\interpreter\linkResolver.cpp, line 773]
Event: 1.196 Thread 0x0000017a761bd680 Exception <a 'java/lang/NoSuchMethodError'{0x00000000897a1888}: 'java.lang.Object java.lang.invoke.DirectMethodHandle$Holder.invokeSpecialIFC(java.lang.Object, java.lang.Object, java.lang.Object, java.lang.Object)'> (0x00000000897a1888) 
thrown [s\open\src\hotspot\share\interpreter\linkResolver.cpp, line 773]
Event: 1.202 Thread 0x0000017a761bd680 Exception <a 'java/lang/NoSuchMethodError'{0x00000000897bed58}: 'java.lang.Object java.lang.invoke.DirectMethodHandle$Holder.invokeInterface(java.lang.Object, java.lang.Object, java.lang.Object)'> (0x00000000897bed58) 
thrown [s\open\src\hotspot\share\interpreter\linkResolver.cpp, line 773]
Event: 1.261 Thread 0x0000017a761bd680 Exception <a 'java/lang/NoSuchMethodError'{0x00000000896d4418}: 'int java.lang.invoke.DirectMethodHandle$Holder.invokeSpecial(java.lang.Object, java.lang.Object, java.lang.Object)'> (0x00000000896d4418) 
thrown [s\open\src\hotspot\share\interpreter\linkResolver.cpp, line 773]
Event: 1.444 Thread 0x0000017a18062ce0 Exception <a 'java/lang/NoSuchMethodError'{0x000000008978a388}: 'void java.lang.invoke.DirectMethodHandle$Holder.invokeSpecial(java.lang.Object, java.lang.Object, java.lang.Object)'> (0x000000008978a388) 
thrown [s\open\src\hotspot\share\interpreter\linkResolver.cpp, line 773]

VM Operations (20 events):
Event: 0.261 Executing VM operation: HandshakeAllThreads
Event: 0.261 Executing VM operation: HandshakeAllThreads done
Event: 0.573 Executing VM operation: HandshakeAllThreads
Event: 0.573 Executing VM operation: HandshakeAllThreads done
Event: 0.626 Executing VM operation: HandshakeAllThreads
Event: 0.626 Executing VM operation: HandshakeAllThreads done
Event: 0.639 Executing VM operation: HandshakeAllThreads
Event: 0.639 Executing VM operation: HandshakeAllThreads done
Event: 0.682 Executing VM operation: HandshakeAllThreads
Event: 0.682 Executing VM operation: HandshakeAllThreads done
Event: 0.775 Executing VM operation: G1CollectForAllocation
Event: 0.782 Executing VM operation: G1CollectForAllocation done
Event: 0.817 Executing VM operation: HandshakeAllThreads
Event: 0.817 Executing VM operation: HandshakeAllThreads done
Event: 1.160 Executing VM operation: HandshakeAllThreads
Event: 1.160 Executing VM operation: HandshakeAllThreads done
Event: 1.160 Executing VM operation: HandshakeAllThreads
Event: 1.160 Executing VM operation: HandshakeAllThreads done
Event: 1.340 Executing VM operation: G1CollectForAllocation
Event: 1.345 Executing VM operation: G1CollectForAllocation done

Events (15 events):
Event: 0.051 Thread 0x0000017a761bd680 Thread added: 0x0000017a761bd680
Event: 0.074 Thread 0x0000017a7f341300 Thread added: 0x0000017a7f341300
Event: 0.074 Thread 0x0000017a7f3462b0 Thread added: 0x0000017a7f3462b0
Event: 0.075 Thread 0x0000017a7f34a230 Thread added: 0x0000017a7f34a230
Event: 0.075 Thread 0x0000017a7f34dc90 Thread added: 0x0000017a7f34dc90
Event: 0.075 Thread 0x0000017a7f34f780 Thread added: 0x0000017a7f34f780
Event: 0.075 Thread 0x0000017a7f352020 Thread added: 0x0000017a7f352020
Event: 0.075 Thread 0x0000017a7f355f40 Thread added: 0x0000017a7f355f40
Event: 0.075 Thread 0x0000017a7f358680 Thread added: 0x0000017a7f358680
Event: 0.248 Thread 0x0000017a171c0b00 Thread added: 0x0000017a171c0b00
Event: 0.357 Thread 0x0000017a17345b10 Thread added: 0x0000017a17345b10
Event: 0.569 Thread 0x0000017a17898540 Thread added: 0x0000017a17898540
Event: 0.569 Thread 0x0000017a17738ac0 Thread added: 0x0000017a17738ac0
Event: 1.434 Thread 0x0000017a18022320 Thread added: 0x0000017a18022320
Event: 1.439 Thread 0x0000017a18062ce0 Thread added: 0x0000017a18062ce0


Dynamic libraries:
0x00007ff7d5ee0000 - 0x00007ff7d5ef0000 	C:\Program Files\Java\jdk-20\bin\java.exe
0x00007ff9754f0000 - 0x00007ff9756e8000 	C:\Windows\SYSTEM32\ntdll.dll
0x00007ff974ea0000 - 0x00007ff974f5f000 	C:\Windows\System32\KERNEL32.DLL
0x00007ff972c80000 - 0x00007ff972f76000 	C:\Windows\System32\KERNELBASE.dll
0x00007ff9730b0000 - 0x00007ff9731b0000 	C:\Windows\System32\ucrtbase.dll
0x00007ff955690000 - 0x00007ff9556ab000 	C:\Program Files\Java\jdk-20\bin\VCRUNTIME140.dll
0x00007ff95f050000 - 0x00007ff95f069000 	C:\Program Files\Java\jdk-20\bin\jli.dll
0x00007ff974340000 - 0x00007ff9743ef000 	C:\Windows\System32\ADVAPI32.dll
0x00007ff975410000 - 0x00007ff9754ae000 	C:\Windows\System32\msvcrt.dll
0x00007ff9737a0000 - 0x00007ff97383c000 	C:\Windows\System32\sechost.dll
0x00007ff973950000 - 0x00007ff973a76000 	C:\Windows\System32\RPCRT4.dll
0x00007ff973b40000 - 0x00007ff973cdd000 	C:\Windows\System32\USER32.dll
0x00007ff973220000 - 0x00007ff973242000 	C:\Windows\System32\win32u.dll
0x00007ff974310000 - 0x00007ff97433c000 	C:\Windows\System32\GDI32.dll
0x00007ff973400000 - 0x00007ff973515000 	C:\Windows\System32\gdi32full.dll
0x00007ff973010000 - 0x00007ff9730ad000 	C:\Windows\System32\msvcp_win.dll
0x00007ff962e00000 - 0x00007ff962e0a000 	C:\Windows\SYSTEM32\VERSION.dll
0x00007ff962820000 - 0x00007ff962aba000 	C:\Windows\WinSxS\amd64_microsoft.windows.common-controls_6595b64144ccf1df_6.0.19041.1110_none_60b5254171f9507e\COMCTL32.dll
0x00007ff9736a0000 - 0x00007ff9736d0000 	C:\Windows\System32\IMM32.DLL
0x00007ff955680000 - 0x00007ff95568c000 	C:\Program Files\Java\jdk-20\bin\vcruntime140_1.dll
0x00007ff944ce0000 - 0x00007ff944d6e000 	C:\Program Files\Java\jdk-20\bin\msvcp140.dll
0x00007ff91c8c0000 - 0x00007ff91d557000 	C:\Program Files\Java\jdk-20\bin\server\jvm.dll
0x00007ff957e20000 - 0x00007ff957e29000 	C:\Windows\SYSTEM32\WSOCK32.dll
0x00007ff974270000 - 0x00007ff9742db000 	C:\Windows\System32\WS2_32.dll
0x00007ff962b50000 - 0x00007ff962b77000 	C:\Windows\SYSTEM32\WINMM.dll
0x00007ff971400000 - 0x00007ff971412000 	C:\Windows\SYSTEM32\kernel.appcore.dll
0x00007ff955670000 - 0x00007ff95567a000 	C:\Program Files\Java\jdk-20\bin\jimage.dll
0x00007ff95e420000 - 0x00007ff95e604000 	C:\Windows\SYSTEM32\DBGHELP.DLL
0x00007ff95dfd0000 - 0x00007ff95e004000 	C:\Windows\SYSTEM32\dbgcore.DLL
0x00007ff972f80000 - 0x00007ff973002000 	C:\Windows\System32\bcryptPrimitives.dll
0x00007ff96c720000 - 0x00007ff96c72e000 	C:\Program Files\Java\jdk-20\bin\instrument.dll
0x00007ff955640000 - 0x00007ff955666000 	C:\Program Files\Java\jdk-20\bin\java.dll
0x00007ff93fd40000 - 0x00007ff93fe17000 	C:\Program Files\Java\jdk-20\bin\jsvml.dll
0x00007ff974750000 - 0x00007ff974e94000 	C:\Windows\System32\SHELL32.dll
0x00007ff970620000 - 0x00007ff970db3000 	C:\Windows\SYSTEM32\windows.storage.dll
0x00007ff9743f0000 - 0x00007ff974744000 	C:\Windows\System32\combase.dll
0x00007ff972540000 - 0x00007ff97256e000 	C:\Windows\SYSTEM32\Wldp.dll
0x00007ff974f60000 - 0x00007ff97500d000 	C:\Windows\System32\SHCORE.dll
0x00007ff973a80000 - 0x00007ff973ad5000 	C:\Windows\System32\shlwapi.dll
0x00007ff972b00000 - 0x00007ff972b25000 	C:\Windows\SYSTEM32\profapi.dll
0x00007ff951e20000 - 0x00007ff951e38000 	C:\Program Files\Java\jdk-20\bin\zip.dll
0x00007ff955580000 - 0x00007ff955593000 	C:\Program Files\Java\jdk-20\bin\net.dll
0x00007ff966700000 - 0x00007ff96680a000 	C:\Windows\SYSTEM32\WINHTTP.dll
0x00007ff9722a0000 - 0x00007ff97230a000 	C:\Windows\system32\mswsock.dll
0x00007ff955560000 - 0x00007ff955576000 	C:\Program Files\Java\jdk-20\bin\nio.dll
0x00007ff96c700000 - 0x00007ff96c71a000 	C:\Program Files\JetBrains\IntelliJ IDEA Community Edition 2022.3.1\bin\breakgen64.dll
0x00007ff955630000 - 0x00007ff955637000 	C:\Program Files\Java\jdk-20\bin\extnet.dll
0x00007ff96c6f0000 - 0x00007ff96c6fa000 	C:\Program Files\Java\jdk-20\bin\management.dll
0x00007ff96c6e0000 - 0x00007ff96c6eb000 	C:\Program Files\Java\jdk-20\bin\management_ext.dll
0x00007ff9742e0000 - 0x00007ff9742e8000 	C:\Windows\System32\PSAPI.DLL

dbghelp: loaded successfully - version: 4.0.5 - missing functions: none
symbol engine: initialized successfully - sym options: 0x614 - pdb path: .;C:\Program Files\Java\jdk-20\bin;C:\Windows\SYSTEM32;C:\Windows\WinSxS\amd64_microsoft.windows.common-controls_6595b64144ccf1df_6.0.19041.1110_none_60b5254171f9507e;C:\Program Files\Java\jdk-20\bin\server;C:\Program Files\JetBrains\IntelliJ IDEA Community Edition 2022.3.1\bin

VM Arguments:
jvm_args: -javaagent:C:\Program Files\JetBrains\IntelliJ IDEA Community Edition 2022.3.1\lib\idea_rt.jar=51931:C:\Program Files\JetBrains\IntelliJ IDEA Community Edition 2022.3.1\bin -Dfile.encoding=UTF-8 -Dsun.stdout.encoding=UTF-8 -Dsun.stderr.encoding=UTF-8 
java_command: com.hotelreview.ratings.RatingsApplication
java_class_path (initial): D:\Microservices\Hotel Review\ratings\target\classes;C:\Users\Ranjan\.m2\repository\org\springframework\boot\spring-boot-starter-data-jpa\3.1.2\spring-boot-starter-data-jpa-3.1.2.jar;C:\Users\Ranjan\.m2\repository\org\springframework\boot\spring-boot-starter-aop\3.1.2\spring-boot-starter-aop-3.1.2.jar;C:\Users\Ranjan\.m2\repository\org\springframework\spring-aop\6.0.11\spring-aop-6.0.11.jar;C:\Users\Ranjan\.m2\repository\org\aspectj\aspectjweaver\1.9.19\aspectjweaver-1.9.19.jar;C:\Users\Ranjan\.m2\repository\org\springframework\boot\spring-boot-starter-jdbc\3.1.2\spring-boot-starter-jdbc-3.1.2.jar;C:\Users\Ranjan\.m2\repository\com\zaxxer\HikariCP\5.0.1\HikariCP-5.0.1.jar;C:\Users\Ranjan\.m2\repository\org\springframework\spring-jdbc\6.0.11\spring-jdbc-6.0.11.jar;C:\Users\Ranjan\.m2\repository\org\hibernate\orm\hibernate-core\6.2.6.Final\hibernate-core-6.2.6.Final.jar;C:\Users\Ranjan\.m2\repository\jakarta\persistence\jakarta.persistence-api\3.1.0\jakarta.persistence-api-3.1.0.jar;C:\Users\Ranjan\.m2\repository\jakarta\transaction\jakarta.transaction-api\2.0.1\jakarta.transaction-api-2.0.1.jar;C:\Users\Ranjan\.m2\repository\org\jboss\logging\jboss-logging\3.5.3.Final\jboss-logging-3.5.3.Final.jar;C:\Users\Ranjan\.m2\repository\org\hibernate\common\hibernate-commons-annotations\6.0.6.Final\hibernate-commons-annotations-6.0.6.Final.jar;C:\Users\Ranjan\.m2\repository\io\smallrye\jandex\3.0.5\jandex-3.0.5.jar;C:\Users\Ranjan\.m2\repository\com\fasterxml\classmate\1.5.1\classmate-1.5.1.jar;C:\Users\Ranjan\.m2\repository\net\bytebuddy\byte-buddy\1.14.5\byte-buddy-1.14.5.jar;C:\Users\Ranjan\.m2\repository\org\glassfish\jaxb\jaxb-runtime\4.0.3\jaxb-runtime-4.0.3.jar;C:\Users\Ranjan\.m2\repository\org\glassfish\jaxb\jaxb-core\4.0.3\jaxb-core-4.0.3.jar;C:\Users\Ranjan\.m2\repository\org\eclipse\angus\angus-activation\2.0.1\angus-activation-2.0.1.jar;C:\Users\Ranjan\.m2\repository\org\glassfish\jaxb\txw2\4.0.3\txw2-4.0.3.jar;C:\Users\Ranjan\.m2\repository\com\sun\istack\istack-commons-runtime\4.1.2\istack-commons-runtime-4.1.2.jar;C:\Users\Ranjan\.m2\repository\jakarta\inject\jakarta.inject-api\2.0.1\jakarta.inject-api-2.0.1.jar;C:\Users\Ranjan\.m2\repository\org\antlr\antlr4-runtime\4.10.1\antlr4-runtime-4.10.1.jar;C:\Users\Ranjan\.m2\repository\org\springframework\data\spring-data-jpa\3.1.2\spring-data-jpa-3.1.2.jar;C:\Users\Ranjan\.m2\repository\org\springframework\data\spring-data-commons\3.1.2\spring-data-commons-3.1.2.jar;C:\Users\Ranjan\.m2\repository\org\springframework\spring-orm\6.0.11\spring-orm-6.0.11.jar;C:\Users\Ranjan\.m2\repository\org\springframework\spring-context\6.0.11\spring-context-6.0.11.jar;C:\Users\Ranjan\.m2\repository\org\springframework\spring-tx\6.0.11\spring-tx-6.0.11.jar;C:\Users\Ranjan\.m2\repository\org\springframework\spring-beans\6.0.11\spring-beans-6.0.11.jar;C:\Users\Ranjan\.m2\repository\jakarta\annotation\jakarta.annotation-api\2.1.1\jakarta.annotation-api-2.1.1.jar;C:\Users\Ranjan\.m2\repository\org\slf4j\slf4j-api\2.0.7\slf4j-api-2.0.7.jar;C:\Users\Ranjan\.m2\repository\org\springframework\spring-aspects\6.0.11\spring-aspects-6.0.11.jar;C:\Users\Ranjan\.m2\repository\org\springframework\boot\spring-boot-starter-validation\3.1.2\spring-boot-starter-validation-3.1.2.jar;C:\Users\Ranjan\.m2\repository\org\springframework\boot\spring-boot-starter\3.1.2\spring-boot-starter-3.1.2.jar;C:\Users\Ranjan\.m2\repository\org\springframework\boot\spring-boot-starter-logging\3.1.2\spring-boot-starter-logging-3.1.2.jar;C:\Users\Ranjan\.m2\repository\ch\qos\logback\logback-classic\1.4.8\logback-classic-1.4.8.jar;C:\Users\Ranjan\.m2\repository\ch\qos\logback\logback-core\1.4.8\logback-core-1.4.8.jar;C:\Users\Ranjan\.m2\repository\org\apache\logging\log4j\log4j-to-slf4j\2.20.0\log4j-to-slf4j-2.20.0.jar;C:\Users\Ranjan\.m2\repository\org\apache\logging\log4j\log4j-api\2.20.0\log4j-api-2.20.0.jar;C:\Users\Ranjan\.m2\repository\org\slf4j\jul-to-slf4j\2.0.7\jul-to-slf4j-2.0.7.jar;C:\Users\Ranjan\.m2\repository\org\yaml\snakeyaml\1.33\snakeyaml-1.33.jar;C:\Users\Ranjan\.m2\repository\org\apache\tomcat\embed\tomcat-embed-el\10.1.11\tomcat-embed-el-10.1.11.jar;C:\Users\Ranjan\.m2\repository\org\hibernate\validator\hibernate-validator\8.0.1.Final\hibernate-validator-8.0.1.Final.jar;C:\Users\Ranjan\.m2\repository\jakarta\validation\jakarta.validation-api\3.0.2\jakarta.validation-api-3.0.2.jar;C:\Users\Ranjan\.m2\repository\org\springframework\boot\spring-boot-starter-web\3.1.2\spring-boot-starter-web-3.1.2.jar;C:\Users\Ranjan\.m2\repository\org\springframework\boot\spring-boot-starter-json\3.1.2\spring-boot-starter-json-3.1.2.jar;C:\Users\Ranjan\.m2\repository\com\fasterxml\jackson\core\jackson-databind\2.15.2\jackson-databind-2.15.2.jar;C:\Users\Ranjan\.m2\repository\com\fasterxml\jackson\datatype\jackson-datatype-jdk8\2.15.2\jackson-datatype-jdk8-2.15.2.jar;C:\Users\Ranjan\.m2\repository\com\fasterxml\jackson\datatype\jackson-datatype-jsr310\2.15.2\jackson-datatype-jsr310-2.15.2.jar;C:\Users\Ranjan\.m2\repository\com\fasterxml\jackson\module\jackson-module-parameter-names\2.15.2\jackson-module-parameter-names-2.15.2.jar;C:\Users\Ranjan\.m2\repository\org\springframework\boot\spring-boot-starter-tomcat\3.1.2\spring-boot-starter-tomcat-3.1.2.jar;C:\Users\Ranjan\.m2\repository\org\apache\tomcat\embed\tomcat-embed-core\10.1.11\tomcat-embed-core-10.1.11.jar;C:\Users\Ranjan\.m2\repository\org\apache\tomcat\embed\tomcat-embed-websocket\10.1.11\tomcat-embed-websocket-10.1.11.jar;C:\Users\Ranjan\.m2\repository\org\springframework\spring-web\6.0.11\spring-web-6.0.11.jar;C:\Users\Ranjan\.m2\repository\io\micrometer\micrometer-observation\1.11.2\micrometer-observation-1.11.2.jar;C:\Users\Ranjan\.m2\repository\io\micrometer\micrometer-commons\1.11.2\micrometer-commons-1.11.2.jar;C:\Users\Ranjan\.m2\repository\org\springframework\spring-webmvc\6.0.11\spring-webmvc-6.0.11.jar;C:\Users\Ranjan\.m2\repository\org\springframework\spring-expression\6.0.11\spring-expression-6.0.11.jar;C:\Users\Ranjan\.m2\repository\org\springframework\boot\spring-boot-devtools\3.1.2\spring-boot-devtools-3.1.2.jar;C:\Users\Ranjan\.m2\repository\org\springframework\boot\spring-boot\3.1.2\spring-boot-3.1.2.jar;C:\Users\Ranjan\.m2\repository\org\springframework\boot\spring-boot-autoconfigure\3.1.2\spring-boot-autoconfigure-3.1.2.jar;C:\Users\Ranjan\.m2\repository\com\mysql\mysql-connector-j\8.0.33\mysql-connector-j-8.0.33.jar;C:\Users\Ranjan\.m2\repository\org\projectlombok\lombok\1.18.28\lombok-1.18.28.jar;C:\Users\Ranjan\.m2\repository\org\modelmapper\modelmapper\3.1.1\modelmapper-3.1.1.jar;C:\Users\Ranjan\.m2\repository\jakarta\xml\bind\jakarta.xml.bind-api\4.0.0\jakarta.xml.bind-api-4.0.0.jar;C:\Users\Ranjan\.m2\repository\jakarta\activation\jakarta.activation-api\2.1.2\jakarta.activation-api-2.1.2.jar;C:\Users\Ranjan\.m2\repository\org\springframework\spring-core\6.0.11\spring-core-6.0.11.jar;C:\Users\Ranjan\.m2\repository\org\springframework\spring-jcl\6.0.11\spring-jcl-6.0.11.jar;C:\Users\Ranjan\.m2\repository\org\springframework\cloud\spring-cloud-starter-netflix-eureka-client\4.0.3\spring-cloud-starter-netflix-eureka-client-4.0.3.jar;C:\Users\Ranjan\.m2\repository\org\springframework\cloud\spring-cloud-starter\4.0.4\spring-cloud-starter-4.0.4.jar;C:\Users\Ranjan\.m2\repository\org\springframework\cloud\spring-cloud-context\4.0.4\spring-cloud-context-4.0.4.jar;C:\Users\Ranjan\.m2\repository\org\springframework\security\spring-security-crypto\6.1.2\spring-security-crypto-6.1.2.jar;C:\Users\Ranjan\.m2\repository\org\springframework\cloud\spring-cloud-commons\4.0.4\spring-cloud-commons-4.0.4.jar;C:\Users\Ranjan\.m2\repository\org\springframework\security\spring-security-rsa\1.0.12.RELEASE\spring-security-rsa-1.0.12.RELEASE.jar;C:\Users\Ranjan\.m2\repository\org\bouncycastle\bcpkix-jdk18on\1.73\bcpkix-jdk18on-1.73.jar;C:\Users\Ranjan\.m2\repository\org\bouncycastle\bcprov-jdk18on\1.73\bcprov-jdk18on-1.73.jar;C:\Users\Ranjan\.m2\repository\org\bouncycastle\bcutil-jdk18on\1.73\bcutil-jdk18on-1.73.jar;C:\Users\Ranjan\.m2\repository\org\springframework\cloud\spring-cloud-netflix-eureka-client\4.0.3\spring-cloud-netflix-eureka-client-4.0.3.jar;C:\Users\Ranjan\.m2\repository\org\apache\httpcomponents\client5\httpclient5\5.2.1\httpclient5-5.2.1.jar;C:\Users\Ranjan\.m2\repository\org\apache\httpcomponents\core5\httpcore5\5.2.2\httpcore5-5.2.2.jar;C:\Users\Ranjan\.m2\repository\org\apache\httpcomponents\core5\httpcore5-h2\5.2.2\httpcore5-h2-5.2.2.jar;C:\Users\Ranjan\.m2\repository\com\netflix\eureka\eureka-client\2.0.1\eureka-client-2.0.1.jar;C:\Users\Ranjan\.m2\repository\com\netflix\netflix-commons\netflix-eventbus\0.3.0\netflix-eventbus-0.3.0.jar;C:\Users\Ranjan\.m2\repository\com\netflix\netflix-commons\netflix-infix\0.3.0\netflix-infix-0.3.0.jar;C:\Users\Ranjan\.m2\repository\commons-jxpath\commons-jxpath\1.3\commons-jxpath-1.3.jar;C:\Users\Ranjan\.m2\repository\joda-time\joda-time\2.3\joda-time-2.3.jar;C:\Users\Ranjan\.m2\repository\org\antlr\antlr-runtime\3.4\antlr-runtime-3.4.jar;C:\Users\Ranjan\.m2\repository\org\antlr\stringtemplate\3.2.1\stringtemplate-3.2.1.jar;C:\Users\Ranjan\.m2\repository\antlr\antlr\2.7.7\antlr-2.7.7.jar;C:\Users\Ranjan\.m2\repository\com\google\code\gson\gson\2.10.1\gson-2.10.1.jar;C:\Users\Ranjan\.m2\repository\org\apache\commons\commons-math\2.2\commons-math-2.2.jar;C:\Users\Ranjan\.m2\repository\com\thoughtworks\xstream\xstream\1.4.19\xstream-1.4.19.jar;C:\Users\Ranjan\.m2\repository\io\github\x-stream\mxparser\1.2.2\mxparser-1.2.2.jar;C:\Users\Ranjan\.m2\repository\xmlpull\xmlpull\1.1.3.1\xmlpull-1.1.3.1.jar;C:\Users\Ranjan\.m2\repository\jakarta\ws\rs\jakarta.ws.rs-api\3.1.0\jakarta.ws.rs-api-3.1.0.jar;C:\Users\Ranjan\.m2\repository\com\netflix\servo\servo-core\0.12.21\servo-core-0.12.21.jar;C:\Users\Ranjan\.m2\repository\com\google\guava\guava\19.0\guava-19.0.jar;C:\Users\Ranjan\.m2\repository\org\apache\httpcomponents\httpclient\4.5.3\httpclient-4.5.3.jar;C:\Users\Ranjan\.m2\repository\org\apache\httpcomponents\httpcore\4.4.16\httpcore-4.4.16.jar;C:\Users\Ranjan\.m2\repository\commons-codec\commons-codec\1.15\commons-codec-1.15.jar;C:\Users\Ranjan\.m2\repository\commons-configuration\commons-configuration\1.10\commons-configuration-1.10.jar;C:\Users\Ranjan\.m2\repository\commons-lang\commons-lang\2.6\commons-lang-2.6.jar;C:\Users\Ranjan\.m2\repository\com\fasterxml\jackson\core\jackson-annotations\2.15.2\jackson-annotations-2.15.2.jar;C:\Users\Ranjan\.m2\repository\com\fasterxml\jackson\core\jackson-core\2.15.2\jackson-core-2.15.2.jar;C:\Users\Ranjan\.m2\repository\org\codehaus\jettison\jettison\1.4.0\jettison-1.4.0.jar;C:\Users\Ranjan\.m2\repository\com\netflix\eureka\eureka-core\2.0.1\eureka-core-2.0.1.jar;C:\Users\Ranjan\.m2\repository\jakarta\servlet\jakarta.servlet-api\6.0.0\jakarta.servlet-api-6.0.0.jar;C:\Users\Ranjan\.m2\repository\com\fasterxml\woodstox\woodstox-core\6.2.1\woodstox-core-6.2.1.jar;C:\Users\Ranjan\.m2\repository\org\codehaus\woodstox\stax2-api\4.2.1\stax2-api-4.2.1.jar;C:\Users\Ranjan\.m2\repository\org\springframework\cloud\spring-cloud-starter-loadbalancer\4.0.4\spring-cloud-starter-loadbalancer-4.0.4.jar;C:\Users\Ranjan\.m2\repository\org\springframework\cloud\spring-cloud-loadbalancer\4.0.4\spring-cloud-loadbalancer-4.0.4.jar;C:\Users\Ranjan\.m2\repository\io\projectreactor\reactor-core\3.5.8\reactor-core-3.5.8.jar;C:\Users\Ranjan\.m2\repository\org\reactivestreams\reactive-streams\1.0.4\reactive-streams-1.0.4.jar;C:\Users\Ranjan\.m2\repository\io\projectreactor\addons\reactor-extra\3.5.1\reactor-extra-3.5.1.jar;C:\Users\Ranjan\.m2\repository\org\springframework\boot\spring-boot-starter-cache\3.1.2\spring-boot-starter-cache-3.1.2.jar;C:\Users\Ranjan\.m2\repository\org\springframework\spring-context-support\6.0.11\spring-context-support-6.0.11.jar;C:\Users\Ranjan\.m2\repository\com\stoyanr\evictor\1.0.0\evictor-1.0.0.jar
Launcher Type: SUN_STANDARD

[Global flags]
     intx CICompilerCount                          = 3                                         {product} {ergonomic}
     uint ConcGCThreads                            = 1                                         {product} {ergonomic}
     uint G1ConcRefinementThreads                  = 4                                         {product} {ergonomic}
   size_t G1HeapRegionSize                         = 1048576                                   {product} {ergonomic}
    uintx GCDrainStackTargetSize                   = 64                                        {product} {ergonomic}
   size_t InitialHeapSize                          = 134217728                                 {product} {ergonomic}
   size_t MarkStackSize                            = 4194304                                   {product} {ergonomic}
   size_t MaxHeapSize                              = 2116026368                                {product} {ergonomic}
   size_t MaxNewSize                               = 1268776960                                {product} {ergonomic}
   size_t MinHeapDeltaBytes                        = 1048576                                   {product} {ergonomic}
   size_t MinHeapSize                              = 8388608                                   {product} {ergonomic}
    uintx NonNMethodCodeHeapSize                   = 5832780                                {pd product} {ergonomic}
    uintx NonProfiledCodeHeapSize                  = 122912730                              {pd product} {ergonomic}
    uintx ProfiledCodeHeapSize                     = 122912730                              {pd product} {ergonomic}
    uintx ReservedCodeCacheSize                    = 251658240                              {pd product} {ergonomic}
     bool SegmentedCodeCache                       = true                                      {product} {ergonomic}
   size_t SoftMaxHeapSize                          = 2116026368                             {manageable} {ergonomic}
     bool UseCompressedClassPointers               = true                           {product lp64_product} {ergonomic}
     bool UseCompressedOops                        = true                           {product lp64_product} {ergonomic}
     bool UseG1GC                                  = true                                      {product} {ergonomic}
     bool UseLargePagesIndividualAllocation        = false                                  {pd product} {ergonomic}

Logging:
Log output configuration:
 #0: stdout all=warning uptime,level,tags foldmultilines=false
 #1: stderr all=off uptime,level,tags foldmultilines=false

Environment Variables:
JAVA_HOME=C:\Program Files\Java\jdk-20
PATH=C:\Program Files\Common Files\Oracle\Java\javapath;C:\Program Files (x86)\Common Files\Oracle\Java\javapath;C:\Users\Ranjan\Downloads\WINDOWS.X64_193000_db_home\bin;C:\Windows\system32;C:\Windows;C:\Windows\System32\Wbem;C:\Windows\System32\WindowsPowerShell\v1.0\;C:\Windows\System32\OpenSSH\;C:\Program Files\PuTTY\;C:\Program Files\Docker\Docker\resources\bin;C:\ProgramData\DockerDesktop\version-bin;C:\Program Files\Microsoft SQL Server\150\Tools\Binn\;C:\Program Files\Microsoft SQL Server\Client SDK\ODBC\170\Tools\Binn\;C:\Program Files\dotnet\;C:\Program Files\Git\cmd;C:\Program Files\Java\jdk-20\bin;C:\Program Files\apache-maven-3.9.2\bin;C:\Program Files\MySQL\MySQL Shell 8.0\bin\;C:\Users\Ranjan\AppData\Local\Programs\Python\Python310\Scripts\;C:\Users\Ranjan\AppData\Local\Programs\Python\Python310\;C:\Users\Ranjan\AppData\Local\Microsoft\WindowsApps;;C:\Users\Ranjan\.vscode-server-launcher\bin;C:\Users\Ranjan\.dotnet\tools
USERNAME=Ranjan
OS=Windows_NT
PROCESSOR_IDENTIFIER=Intel64 Family 6 Model 61 Stepping 4, GenuineIntel
TMP=C:\Users\Ranjan\AppData\Local\Temp
TEMP=C:\Users\Ranjan\AppData\Local\Temp




---------------  S Y S T E M  ---------------

OS:
 Windows 10 , 64 bit Build 19041 (10.0.19041.3155)
OS uptime: 0 days 2:59 hours

CPU: total 4 (initial active 4) (2 cores per cpu, 2 threads per core) family 6 model 61 stepping 4 microcode 0x2d, cx8, cmov, fxsr, ht, mmx, 3dnowpref, sse, sse2, sse3, ssse3, sse4.1, sse4.2, popcnt, lzcnt, tsc, tscinvbit, avx, avx2, aes, erms, clmul, bmi1, bmi2, adx, fma, vzeroupper, clflush, rdtscp, f16c

Memory: 4k page, system-wide physical 8067M (500M free)
TotalPageFile size 10115M (AvailPageFile size 3M)
current process WorkingSet (physical memory assigned to process): 81M, peak: 81M
current process commit charge ("private bytes"): 222M, peak: 222M

vm_info: Java HotSpot(TM) 64-Bit Server VM (20.0.1+9-29) for windows-amd64 JRE (20.0.1+9-29), built on 2023-03-07T13:56:11Z by "mach5one" with MS VC++ 17.1 (VS2022)

END.
