#
# There is insufficient memory for the Java Runtime Environment to continue.
# Native memory allocation (malloc) failed to allocate 1250096 bytes for Chunk::new
# Possible reasons:
#   The system is out of physical RAM or swap space
#   The process is running with CompressedOops enabled, and the Java Heap may be blocking the growth of the native heap
# Possible solutions:
#   Reduce memory load on the system
#   Increase physical memory or swap space
#   Check if swap backing store is full
#   Decrease Java heap size (-Xmx/-Xms)
#   Decrease number of Java threads
#   Decrease Java thread stack sizes (-Xss)
#   Set larger code cache with -XX:ReservedCodeCacheSize=
#   JVM is running with Unscaled Compressed Oops mode in which the Java heap is
#     placed in the first 4GB address space. The Java Heap base address is the
#     maximum limit for the native heap growth. Please use -XX:HeapBaseMinAddress
#     to set the Java Heap base and to place the Java Heap above 4GB virtual address.
# This output file may be truncated or incomplete.
#
#  Out of Memory Error (arena.cpp:184), pid=8880, tid=6076
#
# JRE version: Java(TM) SE Runtime Environment (20.0.1+9) (build 20.0.1+9-29)
# Java VM: Java HotSpot(TM) 64-Bit Server VM (20.0.1+9-29, mixed mode, sharing, tiered, compressed oops, compressed class ptrs, g1 gc, windows-amd64)
# No core dump will be written. Minidumps are not enabled by default on client versions of Windows
#

---------------  S U M M A R Y ------------

Command Line: -javaagent:C:\Program Files\JetBrains\IntelliJ IDEA Community Edition 2022.3.1\lib\idea_rt.jar=51989:C:\Program Files\JetBrains\IntelliJ IDEA Community Edition 2022.3.1\bin -Dfile.encoding=UTF-8 -Dsun.stdout.encoding=UTF-8 -Dsun.stderr.encoding=UTF-8 com.hotelreview.ratings.RatingsApplication

Host: Intel(R) Core(TM) i5-5200U CPU @ 2.20GHz, 4 cores, 7G,  Windows 10 , 64 bit Build 19041 (10.0.19041.3155)
Time: Fri Aug 11 19:40:39 2023 India Standard Time elapsed time: 34.407606 seconds (0d 0h 0m 34s)

---------------  T H R E A D  ---------------

Current thread (0x000002cda973ac30):  JavaThread "C2 CompilerThread1" daemon [_thread_in_native, id=6076, stack(0x000000f0daf00000,0x000000f0db000000)]


Current CompileTask:
C2:  34407 6841   !   4       org.springframework.util.ReflectionUtils::doWithMethods (186 bytes)

Stack: [0x000000f0daf00000,0x000000f0db000000]
Native frames: (J=compiled Java code, j=interpreted, Vv=VM code, C=native code)
V  [jvm.dll+0x6bb95a]
V  [jvm.dll+0x8485fa]
V  [jvm.dll+0x84a1f5]
V  [jvm.dll+0x84a8f3]
V  [jvm.dll+0x280b0f]
V  [jvm.dll+0xc2b11]
V  [jvm.dll+0xc2e35]
V  [jvm.dll+0x3bb142]
V  [jvm.dll+0x1e6c43]
V  [jvm.dll+0x24b3ab]
V  [jvm.dll+0x24a651]
V  [jvm.dll+0x1ce491]
V  [jvm.dll+0x259e1b]
V  [jvm.dll+0x2584f0]
V  [jvm.dll+0x3f2895]
V  [jvm.dll+0x7f4b56]
V  [jvm.dll+0x6ba5cb]
C  [ucrtbase.dll+0x21bb2]
C  [KERNEL32.DLL+0x17614]
C  [ntdll.dll+0x526b1]


---------------  P R O C E S S  ---------------

Threads class SMR info:
_java_thread_list=0x000002cdad3d7ca0, length=37, elements={
0x000002cda31ce030, 0x000002cda31cfe40, 0x000002cda31d2b50, 0x000002cda31d64b0,
0x000002cda31d6df0, 0x000002cda31d7730, 0x000002cda31d8b40, 0x000002cda31e20c0,
0x000002cda319c780, 0x000002cda77ec1d0, 0x000002cda77ec720, 0x000002cda9ac70e0,
0x000002cda9ac80d0, 0x000002cda9ac8620, 0x000002cda9ac90c0, 0x000002cda9ac6b90,
0x000002cda9ac60f0, 0x000002cdab79d070, 0x000002cdab795b90, 0x000002cdab798610,
0x000002cdab79d5c0, 0x000002cdab7960e0, 0x000002cdab796630, 0x000002cdab796b80,
0x000002cdab7970d0, 0x000002cdab7980c0, 0x000002cdab798b60, 0x000002cdab79b090,
0x000002cdab797b70, 0x000002cdab7990b0, 0x000002cdab79c5d0, 0x000002cdab79c080,
0x000002cdab79a5f0, 0x000002cdab799600, 0x000002cdab799b50, 0x000002cdab79cb20,
0x000002cda973ac30
}

Java Threads: ( => current thread )
  0x000002cda31ce030 JavaThread "Reference Handler" daemon [_thread_blocked, id=11552, stack(0x000000f0d9e00000,0x000000f0d9f00000)]
  0x000002cda31cfe40 JavaThread "Finalizer" daemon [_thread_blocked, id=664, stack(0x000000f0d9f00000,0x000000f0da000000)]
  0x000002cda31d2b50 JavaThread "Signal Dispatcher" daemon [_thread_blocked, id=10256, stack(0x000000f0da000000,0x000000f0da100000)]
  0x000002cda31d64b0 JavaThread "Attach Listener" daemon [_thread_blocked, id=12900, stack(0x000000f0da100000,0x000000f0da200000)]
  0x000002cda31d6df0 JavaThread "Service Thread" daemon [_thread_blocked, id=9580, stack(0x000000f0da200000,0x000000f0da300000)]
  0x000002cda31d7730 JavaThread "Monitor Deflation Thread" daemon [_thread_blocked, id=7828, stack(0x000000f0da300000,0x000000f0da400000)]
  0x000002cda31d8b40 JavaThread "C2 CompilerThread0" daemon [_thread_blocked, id=7992, stack(0x000000f0da400000,0x000000f0da500000)]
  0x000002cda31e20c0 JavaThread "C1 CompilerThread0" daemon [_thread_blocked, id=10236, stack(0x000000f0da500000,0x000000f0da600000)]
  0x000002cda319c780 JavaThread "Common-Cleaner" daemon [_thread_blocked, id=10052, stack(0x000000f0da600000,0x000000f0da700000)]
  0x000002cda77ec1d0 JavaThread "Monitor Ctrl-Break" daemon [_thread_in_native, id=6772, stack(0x000000f0da800000,0x000000f0da900000)]
  0x000002cda77ec720 JavaThread "Notification Thread" daemon [_thread_blocked, id=4756, stack(0x000000f0da900000,0x000000f0daa00000)]
  0x000002cda9ac70e0 JavaThread "Catalina-utility-1" [_thread_blocked, id=7672, stack(0x000000f0db000000,0x000000f0db100000)]
  0x000002cda9ac80d0 JavaThread "Catalina-utility-2" [_thread_blocked, id=12736, stack(0x000000f0db100000,0x000000f0db200000)]
  0x000002cda9ac8620 JavaThread "container-0" [_thread_blocked, id=6896, stack(0x000000f0db200000,0x000000f0db300000)]
  0x000002cda9ac90c0 JavaThread "mysql-cj-abandoned-connection-cleanup" daemon [_thread_blocked, id=13012, stack(0x000000f0db300000,0x000000f0db400000)]
  0x000002cda9ac6b90 JavaThread "HikariPool-1 housekeeper" daemon [_thread_blocked, id=11172, stack(0x000000f0db500000,0x000000f0db600000)]
  0x000002cda9ac60f0 JavaThread "File Watcher" daemon [_thread_blocked, id=12224, stack(0x000000f0db700000,0x000000f0db800000)]
  0x000002cdab79d070 JavaThread "Live Reload Server" daemon [_thread_in_native, id=5440, stack(0x000000f0db900000,0x000000f0dba00000)]
  0x000002cdab795b90 JavaThread "spring.cloud.inetutils" daemon [_thread_blocked, id=11600, stack(0x000000f0db800000,0x000000f0db900000)]
  0x000002cdab798610 JavaThread "AsyncResolver-bootstrap-0" daemon [_thread_blocked, id=9704, stack(0x000000f0db600000,0x000000f0db700000)]
  0x000002cdab79d5c0 JavaThread "DiscoveryClient-0" daemon [_thread_blocked, id=3140, stack(0x000000f0dba00000,0x000000f0dbb00000)]
  0x000002cdab7960e0 JavaThread "DiscoveryClient-1" daemon [_thread_blocked, id=5596, stack(0x000000f0dbb00000,0x000000f0dbc00000)]
  0x000002cdab796630 JavaThread "DiscoveryClient-InstanceInfoReplicator-0" daemon [_thread_blocked, id=9324, stack(0x000000f0dbc00000,0x000000f0dbd00000)]
  0x000002cdab796b80 JavaThread "http-nio-8083-exec-1" daemon [_thread_blocked, id=4148, stack(0x000000f0dbd00000,0x000000f0dbe00000)]
  0x000002cdab7970d0 JavaThread "http-nio-8083-exec-2" daemon [_thread_blocked, id=4432, stack(0x000000f0dbe00000,0x000000f0dbf00000)]
  0x000002cdab7980c0 JavaThread "http-nio-8083-exec-3" daemon [_thread_blocked, id=2156, stack(0x000000f0dbf00000,0x000000f0dc000000)]
  0x000002cdab798b60 JavaThread "http-nio-8083-exec-4" daemon [_thread_blocked, id=3416, stack(0x000000f0dc000000,0x000000f0dc100000)]
  0x000002cdab79b090 JavaThread "http-nio-8083-exec-5" daemon [_thread_blocked, id=12764, stack(0x000000f0dc100000,0x000000f0dc200000)]
  0x000002cdab797b70 JavaThread "http-nio-8083-exec-6" daemon [_thread_blocked, id=8352, stack(0x000000f0dc200000,0x000000f0dc300000)]
  0x000002cdab7990b0 JavaThread "http-nio-8083-exec-7" daemon [_thread_blocked, id=3308, stack(0x000000f0dc300000,0x000000f0dc400000)]
  0x000002cdab79c5d0 JavaThread "http-nio-8083-exec-8" daemon [_thread_blocked, id=6396, stack(0x000000f0dc400000,0x000000f0dc500000)]
  0x000002cdab79c080 JavaThread "http-nio-8083-exec-9" daemon [_thread_blocked, id=12124, stack(0x000000f0dc500000,0x000000f0dc600000)]
  0x000002cdab79a5f0 JavaThread "http-nio-8083-exec-10" daemon [_thread_blocked, id=32, stack(0x000000f0dc600000,0x000000f0dc700000)]
  0x000002cdab799600 JavaThread "http-nio-8083-Poller" daemon [_thread_in_native, id=2020, stack(0x000000f0dc700000,0x000000f0dc800000)]
  0x000002cdab799b50 JavaThread "http-nio-8083-Acceptor" daemon [_thread_in_native, id=9348, stack(0x000000f0dc800000,0x000000f0dc900000)]
  0x000002cdab79cb20 JavaThread "DestroyJavaVM" [_thread_blocked, id=10660, stack(0x000000f0d9700000,0x000000f0d9800000)]
=>0x000002cda973ac30 JavaThread "C2 CompilerThread1" daemon [_thread_in_native, id=6076, stack(0x000000f0daf00000,0x000000f0db000000)]

Other Threads:
  0x000002cda31b2e30 VMThread "VM Thread" [stack: 0x000000f0d9d00000,0x000000f0d9e00000] [id=1852]
  0x000002cda75b9c70 WatcherThread "VM Periodic Task Thread" [stack: 0x000000f0daa00000,0x000000f0dab00000] [id=9552]
  0x000002cd8711dfd0 WorkerThread "GC Thread#0" [stack: 0x000000f0d9800000,0x000000f0d9900000] [id=11632]
  0x000002cda7d46200 WorkerThread "GC Thread#1" [stack: 0x000000f0dab00000,0x000000f0dac00000] [id=7064]
  0x000002cda7d464d0 WorkerThread "GC Thread#2" [stack: 0x000000f0dac00000,0x000000f0dad00000] [id=13244]
  0x000002cda7d56770 WorkerThread "GC Thread#3" [stack: 0x000000f0dad00000,0x000000f0dae00000] [id=12472]
  0x000002cd8712eb20 ConcurrentGCThread "G1 Main Marker" [stack: 0x000000f0d9900000,0x000000f0d9a00000] [id=8392]
  0x000002cd8712f550 WorkerThread "G1 Conc#0" [stack: 0x000000f0d9a00000,0x000000f0d9b00000] [id=4712]
  0x000002cd8717bec0 ConcurrentGCThread "G1 Refine#0" [stack: 0x000000f0d9b00000,0x000000f0d9c00000] [id=12620]
  0x000002cd8717d100 ConcurrentGCThread "G1 Service" [stack: 0x000000f0d9c00000,0x000000f0d9d00000] [id=12508]

Threads with active compile tasks:
C2 CompilerThread1    34454 6841   !   4       org.springframework.util.ReflectionUtils::doWithMethods (186 bytes)

VM state: not at safepoint (normal execution)

VM Mutex/Monitor currently owned by a thread: None

Heap address: 0x0000000081e00000, size: 2018 MB, Compressed Oops mode: 32-bit

CDS archive(s) mapped at: [0x0000000800000000-0x0000000800c60000-0x0000000800c60000), size 12976128, SharedBaseAddress: 0x0000000800000000, ArchiveRelocationMode: 0.
Compressed class space mapped at: 0x0000000801000000-0x0000000841000000, reserved size: 1073741824
Narrow klass base: 0x0000000800000000, Narrow klass shift: 0, Narrow klass range: 0x100000000

GC Precious Log:
 CardTable entry size: 512
 Card Set container configuration: InlinePtr #cards 5 size 8 Array Of Cards #cards 12 size 40 Howl #buckets 4 coarsen threshold 1843 Howl Bitmap #cards 512 size 80 coarsen threshold 460 Card regions per heap region 1 cards per card region 2048
 CPUs: 4 total, 4 available
 Memory: 8067M
 Large Page Support: Disabled
 NUMA Support: Disabled
 Compressed Oops: Enabled (32-bit)
 Heap Region Size: 1M
 Heap Min Capacity: 8M
 Heap Initial Capacity: 128M
 Heap Max Capacity: 2018M
 Pre-touch: Disabled
 Parallel Workers: 4
 Concurrent Workers: 1
 Concurrent Refinement Workers: 4
 Periodic GC: Disabled

Heap:
 garbage-first heap   total 79872K, used 41865K [0x0000000081e00000, 0x0000000100000000)
  region size 1024K, 3 young (3072K), 2 survivors (2048K)
 Metaspace       used 76924K, committed 77696K, reserved 1179648K
  class space    used 10367K, committed 10688K, reserved 1048576K

Heap Regions: E=young(eden), S=young(survivor), O=old, HS=humongous(starts), HC=humongous(continues), CS=collection set, F=free, OA=open archive, CA=closed archive, TAMS=top-at-mark-start, PB=parsable bottom
|   0|0x0000000081e00000, 0x0000000081f00000, 0x0000000081f00000|100%|HS|  |TAMS 0x0000000081e00000| PB 0x0000000081e00000| Complete 
|   1|0x0000000081f00000, 0x0000000082000000, 0x0000000082000000|100%|HS|  |TAMS 0x0000000081f00000| PB 0x0000000081f00000| Complete 
|   2|0x0000000082000000, 0x0000000082100000, 0x0000000082100000|100%| O|  |TAMS 0x0000000082000000| PB 0x0000000082000000| Untracked 
|   3|0x0000000082100000, 0x0000000082200000, 0x0000000082200000|100%| O|  |TAMS 0x0000000082100000| PB 0x0000000082100000| Untracked 
|   4|0x0000000082200000, 0x0000000082300000, 0x0000000082300000|100%| O|  |TAMS 0x0000000082200000| PB 0x0000000082200000| Untracked 
|   5|0x0000000082300000, 0x0000000082400000, 0x0000000082400000|100%| O|  |TAMS 0x0000000082300000| PB 0x0000000082300000| Untracked 
|   6|0x0000000082400000, 0x0000000082500000, 0x0000000082500000|100%| O|  |TAMS 0x0000000082400000| PB 0x0000000082400000| Untracked 
|   7|0x0000000082500000, 0x0000000082600000, 0x0000000082600000|100%| O|  |TAMS 0x0000000082500000| PB 0x0000000082500000| Untracked 
|   8|0x0000000082600000, 0x0000000082700000, 0x0000000082700000|100%| O|  |TAMS 0x0000000082600000| PB 0x0000000082600000| Untracked 
|   9|0x0000000082700000, 0x0000000082800000, 0x0000000082800000|100%| O|  |TAMS 0x0000000082700000| PB 0x0000000082700000| Untracked 
|  10|0x0000000082800000, 0x0000000082900000, 0x0000000082900000|100%| O|  |TAMS 0x0000000082800000| PB 0x0000000082800000| Untracked 
|  11|0x0000000082900000, 0x0000000082a00000, 0x0000000082a00000|100%| O|  |TAMS 0x0000000082900000| PB 0x0000000082900000| Untracked 
|  12|0x0000000082a00000, 0x0000000082b00000, 0x0000000082b00000|100%| O|  |TAMS 0x0000000082a00000| PB 0x0000000082a00000| Untracked 
|  13|0x0000000082b00000, 0x0000000082c00000, 0x0000000082c00000|100%| O|  |TAMS 0x0000000082b00000| PB 0x0000000082b00000| Untracked 
|  14|0x0000000082c00000, 0x0000000082d00000, 0x0000000082d00000|100%| O|  |TAMS 0x0000000082c00000| PB 0x0000000082c00000| Untracked 
|  15|0x0000000082d00000, 0x0000000082e00000, 0x0000000082e00000|100%| O|  |TAMS 0x0000000082d00000| PB 0x0000000082d00000| Untracked 
|  16|0x0000000082e00000, 0x0000000082f00000, 0x0000000082f00000|100%| O|  |TAMS 0x0000000082e00000| PB 0x0000000082e00000| Untracked 
|  17|0x0000000082f00000, 0x0000000083000000, 0x0000000083000000|100%| O|  |TAMS 0x0000000082f00000| PB 0x0000000082f00000| Untracked 
|  18|0x0000000083000000, 0x0000000083100000, 0x0000000083100000|100%| O|  |TAMS 0x0000000083000000| PB 0x0000000083000000| Untracked 
|  19|0x0000000083100000, 0x0000000083200000, 0x0000000083200000|100%| O|  |TAMS 0x0000000083100000| PB 0x0000000083100000| Untracked 
|  20|0x0000000083200000, 0x0000000083300000, 0x0000000083300000|100%| O|  |TAMS 0x0000000083200000| PB 0x0000000083200000| Untracked 
|  21|0x0000000083300000, 0x0000000083400000, 0x0000000083400000|100%| O|  |TAMS 0x0000000083300000| PB 0x0000000083300000| Untracked 
|  22|0x0000000083400000, 0x0000000083500000, 0x0000000083500000|100%| O|  |TAMS 0x0000000083400000| PB 0x0000000083400000| Untracked 
|  23|0x0000000083500000, 0x0000000083600000, 0x0000000083600000|100%| O|  |TAMS 0x0000000083500000| PB 0x0000000083500000| Untracked 
|  24|0x0000000083600000, 0x0000000083700000, 0x0000000083700000|100%| O|  |TAMS 0x0000000083600000| PB 0x0000000083600000| Untracked 
|  25|0x0000000083700000, 0x0000000083800000, 0x0000000083800000|100%| O|  |TAMS 0x0000000083700000| PB 0x0000000083700000| Untracked 
|  26|0x0000000083800000, 0x0000000083900000, 0x0000000083900000|100%| O|  |TAMS 0x0000000083800000| PB 0x0000000083800000| Untracked 
|  27|0x0000000083900000, 0x0000000083a00000, 0x0000000083a00000|100%| O|  |TAMS 0x0000000083900000| PB 0x0000000083900000| Untracked 
|  28|0x0000000083a00000, 0x0000000083a00000, 0x0000000083b00000|  0%| F|  |TAMS 0x0000000083a00000| PB 0x0000000083a00000| Untracked 
|  29|0x0000000083b00000, 0x0000000083c00000, 0x0000000083c00000|100%| O|  |TAMS 0x0000000083b00000| PB 0x0000000083b00000| Untracked 
|  30|0x0000000083c00000, 0x0000000083d00000, 0x0000000083d00000|100%| O|  |TAMS 0x0000000083c00000| PB 0x0000000083c00000| Untracked 
|  31|0x0000000083d00000, 0x0000000083e00000, 0x0000000083e00000|100%| O|  |TAMS 0x0000000083d00000| PB 0x0000000083d00000| Untracked 
|  32|0x0000000083e00000, 0x0000000083f00000, 0x0000000083f00000|100%| O|  |TAMS 0x0000000083e00000| PB 0x0000000083e00000| Untracked 
|  33|0x0000000083f00000, 0x0000000084000000, 0x0000000084000000|100%| O|  |TAMS 0x0000000083f00000| PB 0x0000000083f00000| Untracked 
|  34|0x0000000084000000, 0x0000000084100000, 0x0000000084100000|100%| O|  |TAMS 0x0000000084000000| PB 0x0000000084000000| Untracked 
|  35|0x0000000084100000, 0x0000000084200000, 0x0000000084200000|100%| O|  |TAMS 0x0000000084100000| PB 0x0000000084100000| Untracked 
|  36|0x0000000084200000, 0x0000000084300000, 0x0000000084300000|100%| O|  |TAMS 0x0000000084200000| PB 0x0000000084200000| Untracked 
|  37|0x0000000084300000, 0x0000000084400000, 0x0000000084400000|100%| O|  |TAMS 0x0000000084300000| PB 0x0000000084300000| Untracked 
|  38|0x0000000084400000, 0x0000000084500000, 0x0000000084500000|100%| O|  |TAMS 0x0000000084400000| PB 0x0000000084400000| Untracked 
|  39|0x0000000084500000, 0x0000000084600000, 0x0000000084600000|100%| O|  |TAMS 0x0000000084500000| PB 0x0000000084500000| Untracked 
|  40|0x0000000084600000, 0x0000000084614800, 0x0000000084700000|  8%| O|  |TAMS 0x0000000084600000| PB 0x0000000084600000| Untracked 
|  41|0x0000000084700000, 0x0000000084700000, 0x0000000084800000|  0%| F|  |TAMS 0x0000000084700000| PB 0x0000000084700000| Untracked 
|  42|0x0000000084800000, 0x00000000848cddb8, 0x0000000084900000| 80%| S|CS|TAMS 0x0000000084800000| PB 0x0000000084800000| Complete 
|  43|0x0000000084900000, 0x0000000084900000, 0x0000000084a00000|  0%| F|  |TAMS 0x0000000084900000| PB 0x0000000084900000| Untracked 
|  44|0x0000000084a00000, 0x0000000084a00000, 0x0000000084b00000|  0%| F|  |TAMS 0x0000000084a00000| PB 0x0000000084a00000| Untracked 
|  45|0x0000000084b00000, 0x0000000084b00000, 0x0000000084c00000|  0%| F|  |TAMS 0x0000000084b00000| PB 0x0000000084b00000| Untracked 
|  46|0x0000000084c00000, 0x0000000084d00000, 0x0000000084d00000|100%| S|CS|TAMS 0x0000000084c00000| PB 0x0000000084c00000| Complete 
|  47|0x0000000084d00000, 0x0000000084d00000, 0x0000000084e00000|  0%| F|  |TAMS 0x0000000084d00000| PB 0x0000000084d00000| Untracked 
|  48|0x0000000084e00000, 0x0000000084e00000, 0x0000000084f00000|  0%| F|  |TAMS 0x0000000084e00000| PB 0x0000000084e00000| Untracked 
|  49|0x0000000084f00000, 0x0000000084f00000, 0x0000000085000000|  0%| F|  |TAMS 0x0000000084f00000| PB 0x0000000084f00000| Untracked 
|  50|0x0000000085000000, 0x0000000085000000, 0x0000000085100000|  0%| F|  |TAMS 0x0000000085000000| PB 0x0000000085000000| Untracked 
|  51|0x0000000085100000, 0x0000000085100000, 0x0000000085200000|  0%| F|  |TAMS 0x0000000085100000| PB 0x0000000085100000| Untracked 
|  52|0x0000000085200000, 0x0000000085200000, 0x0000000085300000|  0%| F|  |TAMS 0x0000000085200000| PB 0x0000000085200000| Untracked 
|  53|0x0000000085300000, 0x0000000085300000, 0x0000000085400000|  0%| F|  |TAMS 0x0000000085300000| PB 0x0000000085300000| Untracked 
|  54|0x0000000085400000, 0x0000000085400000, 0x0000000085500000|  0%| F|  |TAMS 0x0000000085400000| PB 0x0000000085400000| Untracked 
|  55|0x0000000085500000, 0x0000000085500000, 0x0000000085600000|  0%| F|  |TAMS 0x0000000085500000| PB 0x0000000085500000| Untracked 
|  56|0x0000000085600000, 0x0000000085600000, 0x0000000085700000|  0%| F|  |TAMS 0x0000000085600000| PB 0x0000000085600000| Untracked 
|  57|0x0000000085700000, 0x0000000085700000, 0x0000000085800000|  0%| F|  |TAMS 0x0000000085700000| PB 0x0000000085700000| Untracked 
|  58|0x0000000085800000, 0x0000000085800000, 0x0000000085900000|  0%| F|  |TAMS 0x0000000085800000| PB 0x0000000085800000| Untracked 
|  59|0x0000000085900000, 0x0000000085900000, 0x0000000085a00000|  0%| F|  |TAMS 0x0000000085900000| PB 0x0000000085900000| Untracked 
|  60|0x0000000085a00000, 0x0000000085a00000, 0x0000000085b00000|  0%| F|  |TAMS 0x0000000085a00000| PB 0x0000000085a00000| Untracked 
|  61|0x0000000085b00000, 0x0000000085b00000, 0x0000000085c00000|  0%| F|  |TAMS 0x0000000085b00000| PB 0x0000000085b00000| Untracked 
|  62|0x0000000085c00000, 0x0000000085c00000, 0x0000000085d00000|  0%| F|  |TAMS 0x0000000085c00000| PB 0x0000000085c00000| Untracked 
|  63|0x0000000085d00000, 0x0000000085d00000, 0x0000000085e00000|  0%| F|  |TAMS 0x0000000085d00000| PB 0x0000000085d00000| Untracked 
|  64|0x0000000085e00000, 0x0000000085e00000, 0x0000000085f00000|  0%| F|  |TAMS 0x0000000085e00000| PB 0x0000000085e00000| Untracked 
|  65|0x0000000085f00000, 0x0000000085f00000, 0x0000000086000000|  0%| F|  |TAMS 0x0000000085f00000| PB 0x0000000085f00000| Untracked 
|  66|0x0000000086000000, 0x0000000086000000, 0x0000000086100000|  0%| F|  |TAMS 0x0000000086000000| PB 0x0000000086000000| Untracked 
|  67|0x0000000086100000, 0x0000000086100000, 0x0000000086200000|  0%| F|  |TAMS 0x0000000086100000| PB 0x0000000086100000| Untracked 
|  68|0x0000000086200000, 0x0000000086200000, 0x0000000086300000|  0%| F|  |TAMS 0x0000000086200000| PB 0x0000000086200000| Untracked 
|  69|0x0000000086300000, 0x0000000086300000, 0x0000000086400000|  0%| F|  |TAMS 0x0000000086300000| PB 0x0000000086300000| Untracked 
|  70|0x0000000086400000, 0x0000000086400000, 0x0000000086500000|  0%| F|  |TAMS 0x0000000086400000| PB 0x0000000086400000| Untracked 
|  71|0x0000000086500000, 0x0000000086500000, 0x0000000086600000|  0%| F|  |TAMS 0x0000000086500000| PB 0x0000000086500000| Untracked 
|  72|0x0000000086600000, 0x0000000086600000, 0x0000000086700000|  0%| F|  |TAMS 0x0000000086600000| PB 0x0000000086600000| Untracked 
|  73|0x0000000086700000, 0x0000000086700000, 0x0000000086800000|  0%| F|  |TAMS 0x0000000086700000| PB 0x0000000086700000| Untracked 
|  74|0x0000000086800000, 0x0000000086800000, 0x0000000086900000|  0%| F|  |TAMS 0x0000000086800000| PB 0x0000000086800000| Untracked 
|  75|0x0000000086900000, 0x0000000086900000, 0x0000000086a00000|  0%| F|  |TAMS 0x0000000086900000| PB 0x0000000086900000| Untracked 
| 127|0x0000000089d00000, 0x0000000089d00000, 0x0000000089e00000|  0%| F|  |TAMS 0x0000000089d00000| PB 0x0000000089d00000| Untracked 
|2017|0x00000000fff00000, 0x00000000fff36788, 0x0000000100000000| 21%| E|  |TAMS 0x00000000fff00000| PB 0x00000000fff00000| Complete 

Card table byte_map: [0x000002cd9e570000,0x000002cd9e970000] _byte_map_base: 0x000002cd9e161000

Marking Bits: (CMBitMap*) 0x000002cd8711e600
 Bits: [0x000002cd9ed70000, 0x000002cda0cf8000)

Polling page: 0x000002cd850c0000

Metaspace:

Usage:
  Non-class:     65.00 MB used.
      Class:     10.12 MB used.
       Both:     75.12 MB used.

Virtual space:
  Non-class space:      128.00 MB reserved,      65.44 MB ( 51%) committed,  2 nodes.
      Class space:        1.00 GB reserved,      10.44 MB (  1%) committed,  1 nodes.
             Both:        1.12 GB reserved,      75.88 MB (  7%) committed. 

Chunk freelists:
   Non-Class:  2.22 MB
       Class:  1.53 MB
        Both:  3.75 MB

MaxMetaspaceSize: unlimited
CompressedClassSpaceSize: 1.00 GB
Initial GC threshold: 21.00 MB
Current GC threshold: 112.75 MB
CDS: on
MetaspaceReclaimPolicy: balanced
 - commit_granule_bytes: 65536.
 - commit_granule_words: 8192.
 - virtual_space_node_default_size: 8388608.
 - enlarge_chunks_in_place: 1.
 - new_chunks_are_fully_committed: 0.
 - uncommit_free_chunks: 1.
 - use_allocation_guard: 0.


Internal statistics:

num_allocs_failed_limit: 12.
num_arena_births: 1024.
num_arena_deaths: 0.
num_vsnodes_births: 3.
num_vsnodes_deaths: 0.
num_space_committed: 1214.
num_space_uncommitted: 0.
num_chunks_returned_to_freelist: 12.
num_chunks_taken_from_freelist: 3632.
num_chunk_merges: 12.
num_chunk_splits: 2631.
num_chunks_enlarged: 2091.
num_inconsistent_stats: 0.

CodeHeap 'non-profiled nmethods': size=120000Kb used=3684Kb max_used=3684Kb free=116315Kb
 bounds [0x000002cd96c40000, 0x000002cd96fe0000, 0x000002cd9e170000]
CodeHeap 'profiled nmethods': size=120000Kb used=11686Kb max_used=11686Kb free=108313Kb
 bounds [0x000002cd8f170000, 0x000002cd8fce0000, 0x000002cd966a0000]
CodeHeap 'non-nmethods': size=5760Kb used=1774Kb max_used=1810Kb free=3985Kb
 bounds [0x000002cd966a0000, 0x000002cd96910000, 0x000002cd96c40000]
 total_blobs=6622 nmethods=5886 adapters=646
 compilation: enabled
              stopped_count=0, restarted_count=0
 full_count=0

Compilation events (20 events):
Event: 33.819 Thread 0x000002cda31e20c0 nmethod 6846 0x000002cd8fcd9410 code [0x000002cd8fcd95a0, 0x000002cd8fcd9710]
Event: 33.819 Thread 0x000002cda31e20c0 6847       3       java.lang.Character::valueOf (21 bytes)
Event: 33.819 Thread 0x000002cda31e20c0 nmethod 6847 0x000002cd8fcd9810 code [0x000002cd8fcd99c0, 0x000002cd8fcd9c60]
Event: 33.819 Thread 0x000002cda31e20c0 6848       3       java.util.Hashtable$Enumerator::hasMoreElements (53 bytes)
Event: 33.820 Thread 0x000002cda31e20c0 nmethod 6848 0x000002cd8fcd9d90 code [0x000002cd8fcd9f20, 0x000002cd8fcda200]
Event: 33.820 Thread 0x000002cda31e20c0 6849       3       java.util.Hashtable$Enumerator::nextElement (111 bytes)
Event: 33.820 Thread 0x000002cda31e20c0 nmethod 6849 0x000002cd8fcda310 code [0x000002cd8fcda4e0, 0x000002cd8fcdaa08]
Event: 33.825 Thread 0x000002cda31e20c0 6850       3       java.nio.HeapCharBuffer::<init> (21 bytes)
Event: 33.825 Thread 0x000002cda31e20c0 nmethod 6850 0x000002cd8fcdab90 code [0x000002cd8fcdad20, 0x000002cd8fcdaf40]
Event: 33.851 Thread 0x000002cda31e20c0 6852       3       org.apache.tomcat.util.buf.AbstractChunk::getLength (10 bytes)
Event: 33.851 Thread 0x000002cda31e20c0 nmethod 6852 0x000002cd8fcdb010 code [0x000002cd8fcdb1a0, 0x000002cd8fcdb2b8]
Event: 33.867 Thread 0x000002cda973ac30 nmethod 6834% 0x000002cd96fc9790 code [0x000002cd96fc9a00, 0x000002cd96fcae68]
Event: 33.867 Thread 0x000002cda973ac30 6842 %     4       java.util.concurrent.ConcurrentHashMap$CollectionView::toArray @ 72 (204 bytes)
Event: 33.898 Thread 0x000002cda973ac30 nmethod 6842% 0x000002cd96fcbd90 code [0x000002cd96fcbf40, 0x000002cd96fcc990]
Event: 33.898 Thread 0x000002cda973ac30 6841   !   4       org.springframework.util.ReflectionUtils::doWithMethods (186 bytes)
Event: 34.197 Thread 0x000002cda31d8b40 nmethod 6833 0x000002cd96fccf10 code [0x000002cd96fcd760, 0x000002cd96fd2c48]
Event: 34.199 Thread 0x000002cda31d8b40 6843       4       java.lang.StringBuilder::<init> (6 bytes)
Event: 34.203 Thread 0x000002cda31d8b40 nmethod 6843 0x000002cd96fd7f90 code [0x000002cd96fd8100, 0x000002cd96fd8350]
Event: 34.203 Thread 0x000002cda31d8b40 6840       4       java.lang.reflect.Proxy$ProxyBuilder::isProxyClass (21 bytes)
Event: 34.221 Thread 0x000002cda31d8b40 nmethod 6840 0x000002cd96fd8410 code [0x000002cd96fd8600, 0x000002cd96fd8bd0]

GC Heap History (20 events):
Event: 11.637 GC heap before
{Heap before GC invocations=7 (full 0):
 garbage-first heap   total 61440K, used 54706K [0x0000000081e00000, 0x0000000100000000)
  region size 1024K, 31 young (31744K), 4 survivors (4096K)
 Metaspace       used 33695K, committed 34176K, reserved 1114112K
  class space    used 4330K, committed 4544K, reserved 1048576K
}
Event: 11.647 GC heap after
{Heap after GC invocations=8 (full 0):
 garbage-first heap   total 63488K, used 26055K [0x0000000081e00000, 0x0000000100000000)
  region size 1024K, 4 young (4096K), 4 survivors (4096K)
 Metaspace       used 33695K, committed 34176K, reserved 1114112K
  class space    used 4330K, committed 4544K, reserved 1048576K
}
Event: 12.268 GC heap before
{Heap before GC invocations=8 (full 0):
 garbage-first heap   total 63488K, used 40391K [0x0000000081e00000, 0x0000000100000000)
  region size 1024K, 18 young (18432K), 4 survivors (4096K)
 Metaspace       used 35463K, committed 35968K, reserved 1114112K
  class space    used 4556K, committed 4800K, reserved 1048576K
}
Event: 12.275 GC heap after
{Heap after GC invocations=9 (full 0):
 garbage-first heap   total 63488K, used 27227K [0x0000000081e00000, 0x0000000100000000)
  region size 1024K, 1 young (1024K), 1 survivors (1024K)
 Metaspace       used 35463K, committed 35968K, reserved 1114112K
  class space    used 4556K, committed 4800K, reserved 1048576K
}
Event: 13.740 GC heap before
{Heap before GC invocations=10 (full 0):
 garbage-first heap   total 63488K, used 51803K [0x0000000081e00000, 0x0000000100000000)
  region size 1024K, 26 young (26624K), 1 survivors (1024K)
 Metaspace       used 44406K, committed 44928K, reserved 1114112K
  class space    used 5757K, committed 5952K, reserved 1048576K
}
Event: 13.746 GC heap after
{Heap after GC invocations=11 (full 0):
 garbage-first heap   total 63488K, used 29580K [0x0000000081e00000, 0x0000000100000000)
  region size 1024K, 4 young (4096K), 4 survivors (4096K)
 Metaspace       used 44406K, committed 44928K, reserved 1114112K
  class space    used 5757K, committed 5952K, reserved 1048576K
}
Event: 15.183 GC heap before
{Heap before GC invocations=11 (full 0):
 garbage-first heap   total 63488K, used 52108K [0x0000000081e00000, 0x0000000100000000)
  region size 1024K, 27 young (27648K), 4 survivors (4096K)
 Metaspace       used 51747K, committed 52352K, reserved 1114112K
  class space    used 6699K, committed 6976K, reserved 1048576K
}
Event: 15.191 GC heap after
{Heap after GC invocations=12 (full 0):
 garbage-first heap   total 63488K, used 31211K [0x0000000081e00000, 0x0000000100000000)
  region size 1024K, 2 young (2048K), 2 survivors (2048K)
 Metaspace       used 51747K, committed 52352K, reserved 1114112K
  class space    used 6699K, committed 6976K, reserved 1048576K
}
Event: 16.307 GC heap before
{Heap before GC invocations=12 (full 0):
 garbage-first heap   total 63488K, used 53739K [0x0000000081e00000, 0x0000000100000000)
  region size 1024K, 25 young (25600K), 2 survivors (2048K)
 Metaspace       used 59502K, committed 60096K, reserved 1114112K
  class space    used 7972K, committed 8256K, reserved 1048576K
}
Event: 16.313 GC heap after
{Heap after GC invocations=13 (full 0):
 garbage-first heap   total 63488K, used 32211K [0x0000000081e00000, 0x0000000100000000)
  region size 1024K, 3 young (3072K), 3 survivors (3072K)
 Metaspace       used 59502K, committed 60096K, reserved 1114112K
  class space    used 7972K, committed 8256K, reserved 1048576K
}
Event: 17.196 GC heap before
{Heap before GC invocations=14 (full 0):
 garbage-first heap   total 63488K, used 55763K [0x0000000081e00000, 0x0000000100000000)
  region size 1024K, 26 young (26624K), 3 survivors (3072K)
 Metaspace       used 63098K, committed 63744K, reserved 1114112K
  class space    used 8495K, committed 8768K, reserved 1048576K
}
Event: 17.207 GC heap after
{Heap after GC invocations=15 (full 0):
 garbage-first heap   total 63488K, used 33952K [0x0000000081e00000, 0x0000000100000000)
  region size 1024K, 3 young (3072K), 3 survivors (3072K)
 Metaspace       used 63098K, committed 63744K, reserved 1114112K
  class space    used 8495K, committed 8768K, reserved 1048576K
}
Event: 18.187 GC heap before
{Heap before GC invocations=15 (full 0):
 garbage-first heap   total 63488K, used 55456K [0x0000000081e00000, 0x0000000100000000)
  region size 1024K, 24 young (24576K), 3 survivors (3072K)
 Metaspace       used 66566K, committed 67264K, reserved 1114112K
  class space    used 8969K, committed 9280K, reserved 1048576K
}
Event: 18.198 GC heap after
{Heap after GC invocations=16 (full 0):
 garbage-first heap   total 63488K, used 35721K [0x0000000081e00000, 0x0000000100000000)
  region size 1024K, 3 young (3072K), 3 survivors (3072K)
 Metaspace       used 66566K, committed 67264K, reserved 1114112K
  class space    used 8969K, committed 9280K, reserved 1048576K
}
Event: 19.311 GC heap before
{Heap before GC invocations=16 (full 0):
 garbage-first heap   total 63488K, used 55177K [0x0000000081e00000, 0x0000000100000000)
  region size 1024K, 22 young (22528K), 3 survivors (3072K)
 Metaspace       used 68434K, committed 69120K, reserved 1114112K
  class space    used 9226K, committed 9536K, reserved 1048576K
}
Event: 19.318 GC heap after
{Heap after GC invocations=17 (full 0):
 garbage-first heap   total 63488K, used 37631K [0x0000000081e00000, 0x0000000100000000)
  region size 1024K, 2 young (2048K), 2 survivors (2048K)
 Metaspace       used 68434K, committed 69120K, reserved 1114112K
  class space    used 9226K, committed 9536K, reserved 1048576K
}
Event: 20.249 GC heap before
{Heap before GC invocations=18 (full 0):
 garbage-first heap   total 66560K, used 56063K [0x0000000081e00000, 0x0000000100000000)
  region size 1024K, 21 young (21504K), 2 survivors (2048K)
 Metaspace       used 72369K, committed 73088K, reserved 1114112K
  class space    used 9774K, committed 10048K, reserved 1048576K
}
Event: 20.258 GC heap after
{Heap after GC invocations=19 (full 0):
 garbage-first heap   total 66560K, used 40482K [0x0000000081e00000, 0x0000000100000000)
  region size 1024K, 3 young (3072K), 3 survivors (3072K)
 Metaspace       used 72369K, committed 73088K, reserved 1114112K
  class space    used 9774K, committed 10048K, reserved 1048576K
}
Event: 33.836 GC heap before
{Heap before GC invocations=19 (full 0):
 garbage-first heap   total 66560K, used 57890K [0x0000000081e00000, 0x0000000100000000)
  region size 1024K, 21 young (21504K), 3 survivors (3072K)
 Metaspace       used 76916K, committed 77696K, reserved 1179648K
  class space    used 10366K, committed 10688K, reserved 1048576K
}
Event: 33.846 GC heap after
{Heap after GC invocations=20 (full 0):
 garbage-first heap   total 79872K, used 41865K [0x0000000081e00000, 0x0000000100000000)
  region size 1024K, 2 young (2048K), 2 survivors (2048K)
 Metaspace       used 76916K, committed 77696K, reserved 1179648K
  class space    used 10366K, committed 10688K, reserved 1048576K
}

Dll operation events (14 events):
Event: 0.027 Loaded shared library C:\Program Files\Java\jdk-20\bin\java.dll
Event: 0.045 Loaded shared library C:\Program Files\Java\jdk-20\bin\jsvml.dll
Event: 0.298 Loaded shared library C:\Program Files\Java\jdk-20\bin\zip.dll
Event: 0.302 Loaded shared library C:\Program Files\Java\jdk-20\bin\instrument.dll
Event: 0.312 Loaded shared library C:\Program Files\Java\jdk-20\bin\net.dll
Event: 0.316 Loaded shared library C:\Program Files\Java\jdk-20\bin\nio.dll
Event: 0.322 Loaded shared library C:\Program Files\Java\jdk-20\bin\zip.dll
Event: 0.576 Loaded shared library C:\Program Files\JetBrains\IntelliJ IDEA Community Edition 2022.3.1\bin\breakgen64.dll
Event: 0.597 Loaded shared library C:\Program Files\Java\jdk-20\bin\extnet.dll
Event: 0.658 Loaded shared library C:\Program Files\Java\jdk-20\bin\jimage.dll
Event: 1.403 Loaded shared library C:\Program Files\Java\jdk-20\bin\management.dll
Event: 1.409 Loaded shared library C:\Program Files\Java\jdk-20\bin\management_ext.dll
Event: 10.978 Loaded shared library C:\Program Files\Java\jdk-20\bin\sunmscapi.dll
Event: 12.905 Loaded shared library C:\Program Files\Java\jdk-20\bin\verify.dll

Deoptimization events (20 events):
Event: 20.669 Thread 0x000002cda8345f60 DEOPT PACKING pc=0x000002cd96db0bc4 sp=0x000000f0daffcf00
Event: 20.669 Thread 0x000002cda8345f60 DEOPT UNPACKING pc=0x000002cd96709d22 sp=0x000000f0daffcc58 mode 2
Event: 20.670 Thread 0x000002cda8345f60 Uncommon trap: trap_request=0xffffff45 fr.pc=0x000002cd96f38130 relative=0x0000000000004090
Event: 20.670 Thread 0x000002cda8345f60 Uncommon trap: reason=unstable_if action=reinterpret pc=0x000002cd96f38130 method=org.springframework.core.annotation.AnnotationsScanner.processMethodHierarchy(Ljava/lang/Object;[ILjava/lang/Class;Lorg/springframework/core/annotation/AnnotationsProcessor;
Event: 20.670 Thread 0x000002cda8345f60 DEOPT PACKING pc=0x000002cd96f38130 sp=0x000000f0daffcca0
Event: 20.670 Thread 0x000002cda8345f60 DEOPT UNPACKING pc=0x000002cd96709d22 sp=0x000000f0daffcce8 mode 2
Event: 21.019 Thread 0x000002cda8345f60 Uncommon trap: trap_request=0xffffff45 fr.pc=0x000002cd96cc516c relative=0x000000000000006c
Event: 21.019 Thread 0x000002cda8345f60 Uncommon trap: reason=unstable_if action=reinterpret pc=0x000002cd96cc516c method=org.springframework.util.ConcurrentReferenceHashMap$Segment.clear()V @ 7 c2
Event: 21.019 Thread 0x000002cda8345f60 DEOPT PACKING pc=0x000002cd96cc516c sp=0x000000f0daffe5f0
Event: 21.019 Thread 0x000002cda8345f60 DEOPT UNPACKING pc=0x000002cd96709d22 sp=0x000000f0daffe580 mode 2
Event: 21.023 Thread 0x000002cda8345f60 Uncommon trap: trap_request=0xffffff45 fr.pc=0x000002cd96cea790 relative=0x00000000000000f0
Event: 21.023 Thread 0x000002cda8345f60 Uncommon trap: reason=unstable_if action=reinterpret pc=0x000002cd96cea790 method=java.lang.ref.ReferenceQueue.poll()Ljava/lang/ref/Reference; @ 4 c2
Event: 21.023 Thread 0x000002cda8345f60 DEOPT PACKING pc=0x000002cd96cea790 sp=0x000000f0daffe690
Event: 21.023 Thread 0x000002cda8345f60 DEOPT UNPACKING pc=0x000002cd96709d22 sp=0x000000f0daffe558 mode 2
Event: 21.954 Thread 0x000002cda9ac90c0 Uncommon trap: trap_request=0xffffff45 fr.pc=0x000002cd96d296a8 relative=0x00000000000001a8
Event: 21.954 Thread 0x000002cda9ac90c0 Uncommon trap: reason=unstable_if action=reinterpret pc=0x000002cd96d296a8 method=java.lang.StringLatin1.indexOf([B[B)I @ 9 c2
Event: 21.954 Thread 0x000002cda9ac90c0 DEOPT PACKING pc=0x000002cd96d296a8 sp=0x000000f0db3fef20
Event: 21.954 Thread 0x000002cda9ac90c0 DEOPT UNPACKING pc=0x000002cd96709d22 sp=0x000000f0db3feea0 mode 2
Event: 33.442 Thread 0x000002cdab796b80 DEOPT PACKING pc=0x000002cd8f1ad741 sp=0x000000f0dbdfe120
Event: 33.442 Thread 0x000002cdab796b80 DEOPT UNPACKING pc=0x000002cd9670a4c2 sp=0x000000f0dbdfd5d8 mode 0

Classes loaded (20 events):
Event: 32.736 Loading class java/util/concurrent/Semaphore$NonfairSync
Event: 32.736 Loading class java/util/concurrent/Semaphore$Sync
Event: 32.736 Loading class java/util/concurrent/Semaphore$Sync done
Event: 32.736 Loading class java/util/concurrent/Semaphore$NonfairSync done
Event: 32.736 Loading class sun/nio/ch/SocketAdaptor
Event: 32.737 Loading class sun/nio/ch/SocketAdaptor done
Event: 32.737 Loading class sun/nio/ch/SocketChannelImpl$DefaultOptionsHolder
Event: 32.737 Loading class sun/nio/ch/SocketChannelImpl$DefaultOptionsHolder done
Event: 32.738 Loading class sun/nio/ch/SelectionKeyImpl
Event: 32.738 Loading class java/nio/channels/spi/AbstractSelectionKey
Event: 32.738 Loading class java/nio/channels/SelectionKey
Event: 32.738 Loading class java/nio/channels/SelectionKey done
Event: 32.738 Loading class java/nio/channels/spi/AbstractSelectionKey done
Event: 32.738 Loading class sun/nio/ch/SelectionKeyImpl done
Event: 32.738 Loading class java/lang/invoke/ConstantBootstraps
Event: 32.739 Loading class java/lang/invoke/ConstantBootstraps done
Event: 33.652 Loading class java/util/ArrayList$SubList$2
Event: 33.653 Loading class java/util/ArrayList$SubList$2 done
Event: 33.824 Loading class java/io/PrintWriter$1
Event: 33.824 Loading class java/io/PrintWriter$1 done

Classes unloaded (0 events):
No events

Classes redefined (0 events):
No events

Internal exceptions (20 events):
Event: 18.430 Thread 0x000002cda8345f60 Implicit null exception at 0x000002cd96da9748 to 0x000002cd96da995c
Event: 18.656 Thread 0x000002cda8345f60 Exception <a 'java/lang/NoSuchMethodError'{0x00000000850571c8}: 'void java.lang.invoke.Invokers$Holder.invokeExact_MT(java.lang.Object, java.lang.Object, int, java.lang.Object)'> (0x00000000850571c8) 
thrown [s\open\src\hotspot\share\interpreter\linkResolver.cpp, line 773]
Event: 18.982 Thread 0x000002cda8345f60 Implicit null exception at 0x000002cd96e53f5c to 0x000002cd96e54008
Event: 18.982 Thread 0x000002cda8345f60 Implicit null exception at 0x000002cd96e53f5c to 0x000002cd96e54008
Event: 19.452 Thread 0x000002cda8345f60 Exception <a 'java/lang/NoSuchMethodError'{0x0000000089d52c20}: 'java.lang.Object java.lang.invoke.DirectMethodHandle$Holder.newInvokeSpecial(java.lang.Object, java.lang.Object, int, java.lang.Object, java.lang.Object)'> (0x0000000089d52c20) 
thrown [s\open\src\hotspot\share\interpreter\linkResolver.cpp, line 773]
Event: 19.453 Thread 0x000002cda8345f60 Exception <a 'java/lang/NoSuchMethodError'{0x0000000089d5dac0}: 'java.lang.Object java.lang.invoke.DirectMethodHandle$Holder.invokeSpecial(java.lang.Object, java.lang.Object, int, java.lang.Object, int, java.lang.Object)'> (0x0000000089d5dac0) 
thrown [s\open\src\hotspot\share\interpreter\linkResolver.cpp, line 773]
Event: 19.454 Thread 0x000002cda8345f60 Exception <a 'java/lang/NoSuchMethodError'{0x0000000089d667a0}: 'java.lang.Object java.lang.invoke.DirectMethodHandle$Holder.newInvokeSpecial(java.lang.Object, java.lang.Object, int, java.lang.Object, int)'> (0x0000000089d667a0) 
thrown [s\open\src\hotspot\share\interpreter\linkResolver.cpp, line 773]
Event: 19.454 Thread 0x000002cda8345f60 Exception <a 'java/lang/NoSuchMethodError'{0x0000000089d6a610}: 'java.lang.Object java.lang.invoke.DirectMethodHandle$Holder.invokeSpecial(java.lang.Object, java.lang.Object, java.lang.Object, int, java.lang.Object, int)'> (0x0000000089d6a610) 
thrown [s\open\src\hotspot\share\interpreter\linkResolver.cpp, line 773]
Event: 19.487 Thread 0x000002cda8345f60 Exception <a 'java/lang/NoSuchMethodError'{0x0000000089de1b80}: 'java.lang.Object java.lang.invoke.DirectMethodHandle$Holder.invokeVirtual(java.lang.Object, java.lang.Object, java.lang.Object, java.lang.Object, java.lang.Object, java.lang.Object, java.lang.Object)'> (0x0000000089de1b80) 
thrown [s\open\src\hotspot\share\interpreter\linkResolver.cpp, line 773]
Event: 19.604 Thread 0x000002cda8345f60 Exception <a 'java/lang/IncompatibleClassChangeError'{0x0000000085d65c00}: Found class java.lang.Object, but interface was expected> (0x0000000085d65c00) 
thrown [s\open\src\hotspot\share\interpreter\linkResolver.cpp, line 840]
Event: 19.694 Thread 0x000002cda8345f60 Implicit null exception at 0x000002cd96e0e609 to 0x000002cd96e0edd8
Event: 20.611 Thread 0x000002cda8345f60 Exception <a 'java/lang/NoSuchMethodError'{0x000000008596f508}: 'long java.lang.invoke.DirectMethodHandle$Holder.invokeStatic(java.lang.Object, java.lang.Object, int)'> (0x000000008596f508) 
thrown [s\open\src\hotspot\share\interpreter\linkResolver.cpp, line 773]
Event: 20.612 Thread 0x000002cda8345f60 Exception <a 'java/lang/NoSuchMethodError'{0x0000000085979ff8}: 'java.lang.Object java.lang.invoke.DelegatingMethodHandle$Holder.reinvoke_L(java.lang.Object, int, int, long, java.lang.Object, long, long, long)'> (0x0000000085979ff8) 
thrown [s\open\src\hotspot\share\interpreter\linkResolver.cpp, line 773]
Event: 20.617 Thread 0x000002cda8345f60 Exception <a 'java/lang/NoSuchMethodError'{0x000000008599da68}: 'java.lang.Object java.lang.invoke.DelegatingMethodHandle$Holder.reinvoke_L(java.lang.Object, java.lang.Object, java.lang.Object, java.lang.Object, java.lang.Object, java.lang.Object, java.lang.Object, java.lang.Object, java.lang.Object, java.lang.Object, java.lang.Object, java.lang.Object, java.lang.Object, java.lang.Object, int, java.lang.Object, java.lang.Object, java.lang.Object, java.lang.Object, java.lang.Object, java.lang.Object, java.l
Event: 20.625 Thread 0x000002cda8345f60 Exception <a 'java/lang/NoSuchMethodError'{0x00000000859f4c88}: 'java.lang.Object java.lang.invoke.DirectMethodHandle$Holder.invokeStatic(java.lang.Object, java.lang.Object, java.lang.Object, java.lang.Object, java.lang.Object, java.lang.Object, java.lang.Object, java.lang.Object, java.lang.Object, java.lang.Object, java.lang.Object, java.lang.Object, java.lang.Object)'> (0x00000000859f4c88) 
thrown [s\open\src\hotspot\share\interpreter\linkResolver.cpp, line 773]
Event: 20.627 Thread 0x000002cda8345f60 Exception <a 'java/lang/NoSuchMethodError'{0x0000000085816418}: 'java.lang.Object java.lang.invoke.DirectMethodHandle$Holder.invokeStatic(java.lang.Object, java.lang.Object, java.lang.Object, java.lang.Object, java.lang.Object, java.lang.Object, java.lang.Object, java.lang.Object, java.lang.Object, java.lang.Object, java.lang.Object, java.lang.Object, java.lang.Object, java.lang.Object)'> (0x0000000085816418) 
thrown [s\open\src\hotspot\share\interpreter\linkResolver.cpp, line 773]
Event: 20.629 Thread 0x000002cda8345f60 Exception <a 'java/lang/NoSuchMethodError'{0x000000008582c210}: 'java.lang.Object java.lang.invoke.DelegatingMethodHandle$Holder.reinvoke_L(java.lang.Object, java.lang.Object, java.lang.Object, java.lang.Object, java.lang.Object, java.lang.Object, java.lang.Object, java.lang.Object, java.lang.Object, java.lang.Object, java.lang.Object, java.lang.Object, java.lang.Object, java.lang.Object, java.lang.Object, java.lang.Object, java.lang.Object, java.lang.Object, java.lang.Object, java.lang.Object, java.lang.O
Event: 33.495 Thread 0x000002cdab796b80 Exception <a 'java/lang/NoSuchMethodError'{0x000000008509caf8}: 'java.lang.Object java.lang.invoke.DirectMethodHandle$Holder.invokeSpecial(java.lang.Object, java.lang.Object, java.lang.Object, java.lang.Object, java.lang.Object, long)'> (0x000000008509caf8) 
thrown [s\open\src\hotspot\share\interpreter\linkResolver.cpp, line 773]
Event: 33.495 Thread 0x000002cdab796b80 Exception <a 'java/lang/NoSuchMethodError'{0x00000000850a0510}: 'java.lang.Object java.lang.invoke.Invokers$Holder.linkToTargetMethod(java.lang.Object, java.lang.Object, java.lang.Object, long, java.lang.Object)'> (0x00000000850a0510) 
thrown [s\open\src\hotspot\share\interpreter\linkResolver.cpp, line 773]
Event: 33.651 Thread 0x000002cdab796b80 Exception <a 'java/lang/NoSuchMethodError'{0x0000000084e39208}: 'java.lang.Object java.lang.invoke.DirectMethodHandle$Holder.invokeStatic(java.lang.Object, int, int)'> (0x0000000084e39208) 
thrown [s\open\src\hotspot\share\interpreter\linkResolver.cpp, line 773]

VM Operations (20 events):
Event: 21.023 Executing VM operation: HandshakeAllThreads
Event: 21.023 Executing VM operation: HandshakeAllThreads done
Event: 22.032 Executing VM operation: Cleanup
Event: 22.032 Executing VM operation: Cleanup done
Event: 29.107 Executing VM operation: Cleanup
Event: 29.107 Executing VM operation: Cleanup done
Event: 30.120 Executing VM operation: Cleanup
Event: 30.120 Executing VM operation: Cleanup done
Event: 32.141 Executing VM operation: Cleanup
Event: 32.141 Executing VM operation: Cleanup done
Event: 33.526 Executing VM operation: HandshakeAllThreads
Event: 33.526 Executing VM operation: HandshakeAllThreads done
Event: 33.526 Executing VM operation: Cleanup
Event: 33.526 Executing VM operation: Cleanup done
Event: 33.778 Executing VM operation: HandshakeAllThreads
Event: 33.779 Executing VM operation: HandshakeAllThreads done
Event: 33.787 Executing VM operation: HandshakeAllThreads
Event: 33.787 Executing VM operation: HandshakeAllThreads done
Event: 33.835 Executing VM operation: G1CollectForAllocation
Event: 33.846 Executing VM operation: G1CollectForAllocation done

Events (20 events):
Event: 20.652 Thread 0x000002cdab7960e0 Thread added: 0x000002cdab7960e0
Event: 20.656 Thread 0x000002cdab796630 Thread added: 0x000002cdab796630
Event: 20.704 Thread 0x000002cdab796b80 Thread added: 0x000002cdab796b80
Event: 20.704 Thread 0x000002cdab7970d0 Thread added: 0x000002cdab7970d0
Event: 20.704 Thread 0x000002cdab7980c0 Thread added: 0x000002cdab7980c0
Event: 20.705 Thread 0x000002cdab798b60 Thread added: 0x000002cdab798b60
Event: 20.706 Thread 0x000002cdab79b090 Thread added: 0x000002cdab79b090
Event: 20.706 Thread 0x000002cdab797b70 Thread added: 0x000002cdab797b70
Event: 20.706 Thread 0x000002cdab7990b0 Thread added: 0x000002cdab7990b0
Event: 20.706 Thread 0x000002cdab79c5d0 Thread added: 0x000002cdab79c5d0
Event: 20.706 Thread 0x000002cdab79c080 Thread added: 0x000002cdab79c080
Event: 20.707 Thread 0x000002cdab79a5f0 Thread added: 0x000002cdab79a5f0
Event: 20.742 Thread 0x000002cdab799600 Thread added: 0x000002cdab799600
Event: 20.744 Thread 0x000002cdab799b50 Thread added: 0x000002cdab799b50
Event: 21.032 Thread 0x000002cda8345f60 Thread exited: 0x000002cda8345f60
Event: 21.037 Thread 0x000002cda87947a0 Thread exited: 0x000002cda87947a0
Event: 21.038 Thread 0x000002cd870c4b70 Thread exited: 0x000002cd870c4b70
Event: 21.038 Thread 0x000002cdab79cb20 Thread added: 0x000002cdab79cb20
Event: 21.280 Thread 0x000002cda8786b30 Thread exited: 0x000002cda8786b30
Event: 33.785 Thread 0x000002cda973ac30 Thread added: 0x000002cda973ac30


Dynamic libraries:
0x00007ff7d5ee0000 - 0x00007ff7d5ef0000 	C:\Program Files\Java\jdk-20\bin\java.exe
0x00007ff9754f0000 - 0x00007ff9756e8000 	C:\Windows\SYSTEM32\ntdll.dll
0x00007ff974ea0000 - 0x00007ff974f5f000 	C:\Windows\System32\KERNEL32.DLL
0x00007ff972c80000 - 0x00007ff972f76000 	C:\Windows\System32\KERNELBASE.dll
0x00007ff9730b0000 - 0x00007ff9731b0000 	C:\Windows\System32\ucrtbase.dll
0x00007ff955690000 - 0x00007ff9556ab000 	C:\Program Files\Java\jdk-20\bin\VCRUNTIME140.dll
0x00007ff95f050000 - 0x00007ff95f069000 	C:\Program Files\Java\jdk-20\bin\jli.dll
0x00007ff974340000 - 0x00007ff9743ef000 	C:\Windows\System32\ADVAPI32.dll
0x00007ff975410000 - 0x00007ff9754ae000 	C:\Windows\System32\msvcrt.dll
0x00007ff9737a0000 - 0x00007ff97383c000 	C:\Windows\System32\sechost.dll
0x00007ff973950000 - 0x00007ff973a76000 	C:\Windows\System32\RPCRT4.dll
0x00007ff973b40000 - 0x00007ff973cdd000 	C:\Windows\System32\USER32.dll
0x00007ff973220000 - 0x00007ff973242000 	C:\Windows\System32\win32u.dll
0x00007ff974310000 - 0x00007ff97433c000 	C:\Windows\System32\GDI32.dll
0x00007ff973400000 - 0x00007ff973515000 	C:\Windows\System32\gdi32full.dll
0x00007ff973010000 - 0x00007ff9730ad000 	C:\Windows\System32\msvcp_win.dll
0x00007ff962820000 - 0x00007ff962aba000 	C:\Windows\WinSxS\amd64_microsoft.windows.common-controls_6595b64144ccf1df_6.0.19041.1110_none_60b5254171f9507e\COMCTL32.dll
0x00007ff962e00000 - 0x00007ff962e0a000 	C:\Windows\SYSTEM32\VERSION.dll
0x00007ff9736a0000 - 0x00007ff9736d0000 	C:\Windows\System32\IMM32.DLL
0x00007ff955680000 - 0x00007ff95568c000 	C:\Program Files\Java\jdk-20\bin\vcruntime140_1.dll
0x00007ff944ce0000 - 0x00007ff944d6e000 	C:\Program Files\Java\jdk-20\bin\msvcp140.dll
0x00007ff91c8c0000 - 0x00007ff91d557000 	C:\Program Files\Java\jdk-20\bin\server\jvm.dll
0x00007ff957e20000 - 0x00007ff957e29000 	C:\Windows\SYSTEM32\WSOCK32.dll
0x00007ff974270000 - 0x00007ff9742db000 	C:\Windows\System32\WS2_32.dll
0x00007ff962b50000 - 0x00007ff962b77000 	C:\Windows\SYSTEM32\WINMM.dll
0x00007ff971400000 - 0x00007ff971412000 	C:\Windows\SYSTEM32\kernel.appcore.dll
0x00007ff955670000 - 0x00007ff95567a000 	C:\Program Files\Java\jdk-20\bin\jimage.dll
0x00007ff95e420000 - 0x00007ff95e604000 	C:\Windows\SYSTEM32\DBGHELP.DLL
0x00007ff95dfd0000 - 0x00007ff95e004000 	C:\Windows\SYSTEM32\dbgcore.DLL
0x00007ff972f80000 - 0x00007ff973002000 	C:\Windows\System32\bcryptPrimitives.dll
0x00007ff96c720000 - 0x00007ff96c72e000 	C:\Program Files\Java\jdk-20\bin\instrument.dll
0x00007ff955640000 - 0x00007ff955666000 	C:\Program Files\Java\jdk-20\bin\java.dll
0x00007ff93fd40000 - 0x00007ff93fe17000 	C:\Program Files\Java\jdk-20\bin\jsvml.dll
0x00007ff974750000 - 0x00007ff974e94000 	C:\Windows\System32\SHELL32.dll
0x00007ff970620000 - 0x00007ff970db3000 	C:\Windows\SYSTEM32\windows.storage.dll
0x00007ff9743f0000 - 0x00007ff974744000 	C:\Windows\System32\combase.dll
0x00007ff972540000 - 0x00007ff97256e000 	C:\Windows\SYSTEM32\Wldp.dll
0x00007ff974f60000 - 0x00007ff97500d000 	C:\Windows\System32\SHCORE.dll
0x00007ff973a80000 - 0x00007ff973ad5000 	C:\Windows\System32\shlwapi.dll
0x00007ff972b00000 - 0x00007ff972b25000 	C:\Windows\SYSTEM32\profapi.dll
0x00007ff951e20000 - 0x00007ff951e38000 	C:\Program Files\Java\jdk-20\bin\zip.dll
0x00007ff955580000 - 0x00007ff955593000 	C:\Program Files\Java\jdk-20\bin\net.dll
0x00007ff966700000 - 0x00007ff96680a000 	C:\Windows\SYSTEM32\WINHTTP.dll
0x00007ff9722a0000 - 0x00007ff97230a000 	C:\Windows\system32\mswsock.dll
0x00007ff955560000 - 0x00007ff955576000 	C:\Program Files\Java\jdk-20\bin\nio.dll
0x00007ff96c700000 - 0x00007ff96c71a000 	C:\Program Files\JetBrains\IntelliJ IDEA Community Edition 2022.3.1\bin\breakgen64.dll
0x00007ff955630000 - 0x00007ff955637000 	C:\Program Files\Java\jdk-20\bin\extnet.dll
0x00007ff96c6f0000 - 0x00007ff96c6fa000 	C:\Program Files\Java\jdk-20\bin\management.dll
0x00007ff96c6e0000 - 0x00007ff96c6eb000 	C:\Program Files\Java\jdk-20\bin\management_ext.dll
0x00007ff9742e0000 - 0x00007ff9742e8000 	C:\Windows\System32\PSAPI.DLL
0x00007ff971f90000 - 0x00007ff971fcb000 	C:\Windows\SYSTEM32\IPHLPAPI.DLL
0x00007ff973ce0000 - 0x00007ff973ce8000 	C:\Windows\System32\NSI.dll
0x00007ff966c70000 - 0x00007ff966c87000 	C:\Windows\SYSTEM32\dhcpcsvc6.DLL
0x00007ff967140000 - 0x00007ff96715d000 	C:\Windows\SYSTEM32\dhcpcsvc.DLL
0x00007ff971fd0000 - 0x00007ff97209a000 	C:\Windows\SYSTEM32\DNSAPI.dll
0x00007ff969db0000 - 0x00007ff969dba000 	C:\Windows\System32\rasadhlp.dll
0x00007ff961ec0000 - 0x00007ff961f42000 	C:\Windows\System32\fwpuclnt.dll
0x00007ff973520000 - 0x00007ff973547000 	C:\Windows\System32\bcrypt.dll
0x00007ff972490000 - 0x00007ff9724a8000 	C:\Windows\SYSTEM32\CRYPTSP.dll
0x00007ff971bb0000 - 0x00007ff971be4000 	C:\Windows\system32\rsaenh.dll
0x00007ff972a80000 - 0x00007ff972aae000 	C:\Windows\SYSTEM32\USERENV.dll
0x00007ff9724b0000 - 0x00007ff9724bc000 	C:\Windows\SYSTEM32\CRYPTBASE.dll
0x00007ff96c6c0000 - 0x00007ff96c6ce000 	C:\Program Files\Java\jdk-20\bin\sunmscapi.dll
0x00007ff9732a0000 - 0x00007ff9733fe000 	C:\Windows\System32\CRYPT32.dll
0x00007ff9725b0000 - 0x00007ff9725d8000 	C:\Windows\SYSTEM32\ncrypt.dll
0x00007ff972570000 - 0x00007ff9725ab000 	C:\Windows\SYSTEM32\NTASN1.dll
0x00007ff960440000 - 0x00007ff960450000 	C:\Program Files\Java\jdk-20\bin\verify.dll
0x00007ff960140000 - 0x00007ff960147000 	C:\Windows\system32\wshunix.dll

dbghelp: loaded successfully - version: 4.0.5 - missing functions: none
symbol engine: initialized successfully - sym options: 0x614 - pdb path: .;C:\Program Files\Java\jdk-20\bin;C:\Windows\SYSTEM32;C:\Windows\WinSxS\amd64_microsoft.windows.common-controls_6595b64144ccf1df_6.0.19041.1110_none_60b5254171f9507e;C:\Program Files\Java\jdk-20\bin\server;C:\Program Files\JetBrains\IntelliJ IDEA Community Edition 2022.3.1\bin

VM Arguments:
jvm_args: -javaagent:C:\Program Files\JetBrains\IntelliJ IDEA Community Edition 2022.3.1\lib\idea_rt.jar=51989:C:\Program Files\JetBrains\IntelliJ IDEA Community Edition 2022.3.1\bin -Dfile.encoding=UTF-8 -Dsun.stdout.encoding=UTF-8 -Dsun.stderr.encoding=UTF-8 
java_command: com.hotelreview.ratings.RatingsApplication
java_class_path (initial): D:\Microservices\Hotel Review\ratings\target\classes;C:\Users\Ranjan\.m2\repository\org\springframework\boot\spring-boot-starter-data-jpa\3.1.2\spring-boot-starter-data-jpa-3.1.2.jar;C:\Users\Ranjan\.m2\repository\org\springframework\boot\spring-boot-starter-aop\3.1.2\spring-boot-starter-aop-3.1.2.jar;C:\Users\Ranjan\.m2\repository\org\springframework\spring-aop\6.0.11\spring-aop-6.0.11.jar;C:\Users\Ranjan\.m2\repository\org\aspectj\aspectjweaver\1.9.19\aspectjweaver-1.9.19.jar;C:\Users\Ranjan\.m2\repository\org\springframework\boot\spring-boot-starter-jdbc\3.1.2\spring-boot-starter-jdbc-3.1.2.jar;C:\Users\Ranjan\.m2\repository\com\zaxxer\HikariCP\5.0.1\HikariCP-5.0.1.jar;C:\Users\Ranjan\.m2\repository\org\springframework\spring-jdbc\6.0.11\spring-jdbc-6.0.11.jar;C:\Users\Ranjan\.m2\repository\org\hibernate\orm\hibernate-core\6.2.6.Final\hibernate-core-6.2.6.Final.jar;C:\Users\Ranjan\.m2\repository\jakarta\persistence\jakarta.persistence-api\3.1.0\jakarta.persistence-api-3.1.0.jar;C:\Users\Ranjan\.m2\repository\jakarta\transaction\jakarta.transaction-api\2.0.1\jakarta.transaction-api-2.0.1.jar;C:\Users\Ranjan\.m2\repository\org\jboss\logging\jboss-logging\3.5.3.Final\jboss-logging-3.5.3.Final.jar;C:\Users\Ranjan\.m2\repository\org\hibernate\common\hibernate-commons-annotations\6.0.6.Final\hibernate-commons-annotations-6.0.6.Final.jar;C:\Users\Ranjan\.m2\repository\io\smallrye\jandex\3.0.5\jandex-3.0.5.jar;C:\Users\Ranjan\.m2\repository\com\fasterxml\classmate\1.5.1\classmate-1.5.1.jar;C:\Users\Ranjan\.m2\repository\net\bytebuddy\byte-buddy\1.14.5\byte-buddy-1.14.5.jar;C:\Users\Ranjan\.m2\repository\org\glassfish\jaxb\jaxb-runtime\4.0.3\jaxb-runtime-4.0.3.jar;C:\Users\Ranjan\.m2\repository\org\glassfish\jaxb\jaxb-core\4.0.3\jaxb-core-4.0.3.jar;C:\Users\Ranjan\.m2\repository\org\eclipse\angus\angus-activation\2.0.1\angus-activation-2.0.1.jar;C:\Users\Ranjan\.m2\repository\org\glassfish\jaxb\txw2\4.0.3\txw2-4.0.3.jar;C:\Users\Ranjan\.m2\repository\com\sun\istack\istack-commons-runtime\4.1.2\istack-commons-runtime-4.1.2.jar;C:\Users\Ranjan\.m2\repository\jakarta\inject\jakarta.inject-api\2.0.1\jakarta.inject-api-2.0.1.jar;C:\Users\Ranjan\.m2\repository\org\antlr\antlr4-runtime\4.10.1\antlr4-runtime-4.10.1.jar;C:\Users\Ranjan\.m2\repository\org\springframework\data\spring-data-jpa\3.1.2\spring-data-jpa-3.1.2.jar;C:\Users\Ranjan\.m2\repository\org\springframework\data\spring-data-commons\3.1.2\spring-data-commons-3.1.2.jar;C:\Users\Ranjan\.m2\repository\org\springframework\spring-orm\6.0.11\spring-orm-6.0.11.jar;C:\Users\Ranjan\.m2\repository\org\springframework\spring-context\6.0.11\spring-context-6.0.11.jar;C:\Users\Ranjan\.m2\repository\org\springframework\spring-tx\6.0.11\spring-tx-6.0.11.jar;C:\Users\Ranjan\.m2\repository\org\springframework\spring-beans\6.0.11\spring-beans-6.0.11.jar;C:\Users\Ranjan\.m2\repository\jakarta\annotation\jakarta.annotation-api\2.1.1\jakarta.annotation-api-2.1.1.jar;C:\Users\Ranjan\.m2\repository\org\slf4j\slf4j-api\2.0.7\slf4j-api-2.0.7.jar;C:\Users\Ranjan\.m2\repository\org\springframework\spring-aspects\6.0.11\spring-aspects-6.0.11.jar;C:\Users\Ranjan\.m2\repository\org\springframework\boot\spring-boot-starter-validation\3.1.2\spring-boot-starter-validation-3.1.2.jar;C:\Users\Ranjan\.m2\repository\org\springframework\boot\spring-boot-starter\3.1.2\spring-boot-starter-3.1.2.jar;C:\Users\Ranjan\.m2\repository\org\springframework\boot\spring-boot-starter-logging\3.1.2\spring-boot-starter-logging-3.1.2.jar;C:\Users\Ranjan\.m2\repository\ch\qos\logback\logback-classic\1.4.8\logback-classic-1.4.8.jar;C:\Users\Ranjan\.m2\repository\ch\qos\logback\logback-core\1.4.8\logback-core-1.4.8.jar;C:\Users\Ranjan\.m2\repository\org\apache\logging\log4j\log4j-to-slf4j\2.20.0\log4j-to-slf4j-2.20.0.jar;C:\Users\Ranjan\.m2\repository\org\apache\logging\log4j\log4j-api\2.20.0\log4j-api-2.20.0.jar;C:\Users\Ranjan\.m2\repository\org\slf4j\jul-to-slf4j\2.0.7\jul-to-slf4j-2.0.7.jar;C:\Users\Ranjan\.m2\repository\org\yaml\snakeyaml\1.33\snakeyaml-1.33.jar;C:\Users\Ranjan\.m2\repository\org\apache\tomcat\embed\tomcat-embed-el\10.1.11\tomcat-embed-el-10.1.11.jar;C:\Users\Ranjan\.m2\repository\org\hibernate\validator\hibernate-validator\8.0.1.Final\hibernate-validator-8.0.1.Final.jar;C:\Users\Ranjan\.m2\repository\jakarta\validation\jakarta.validation-api\3.0.2\jakarta.validation-api-3.0.2.jar;C:\Users\Ranjan\.m2\repository\org\springframework\boot\spring-boot-starter-web\3.1.2\spring-boot-starter-web-3.1.2.jar;C:\Users\Ranjan\.m2\repository\org\springframework\boot\spring-boot-starter-json\3.1.2\spring-boot-starter-json-3.1.2.jar;C:\Users\Ranjan\.m2\repository\com\fasterxml\jackson\core\jackson-databind\2.15.2\jackson-databind-2.15.2.jar;C:\Users\Ranjan\.m2\repository\com\fasterxml\jackson\datatype\jackson-datatype-jdk8\2.15.2\jackson-datatype-jdk8-2.15.2.jar;C:\Users\Ranjan\.m2\repository\com\fasterxml\jackson\datatype\jackson-datatype-jsr310\2.15.2\jackson-datatype-jsr310-2.15.2.jar;C:\Users\Ranjan\.m2\repository\com\fasterxml\jackson\module\jackson-module-parameter-names\2.15.2\jackson-module-parameter-names-2.15.2.jar;C:\Users\Ranjan\.m2\repository\org\springframework\boot\spring-boot-starter-tomcat\3.1.2\spring-boot-starter-tomcat-3.1.2.jar;C:\Users\Ranjan\.m2\repository\org\apache\tomcat\embed\tomcat-embed-core\10.1.11\tomcat-embed-core-10.1.11.jar;C:\Users\Ranjan\.m2\repository\org\apache\tomcat\embed\tomcat-embed-websocket\10.1.11\tomcat-embed-websocket-10.1.11.jar;C:\Users\Ranjan\.m2\repository\org\springframework\spring-web\6.0.11\spring-web-6.0.11.jar;C:\Users\Ranjan\.m2\repository\io\micrometer\micrometer-observation\1.11.2\micrometer-observation-1.11.2.jar;C:\Users\Ranjan\.m2\repository\io\micrometer\micrometer-commons\1.11.2\micrometer-commons-1.11.2.jar;C:\Users\Ranjan\.m2\repository\org\springframework\spring-webmvc\6.0.11\spring-webmvc-6.0.11.jar;C:\Users\Ranjan\.m2\repository\org\springframework\spring-expression\6.0.11\spring-expression-6.0.11.jar;C:\Users\Ranjan\.m2\repository\org\springframework\boot\spring-boot-devtools\3.1.2\spring-boot-devtools-3.1.2.jar;C:\Users\Ranjan\.m2\repository\org\springframework\boot\spring-boot\3.1.2\spring-boot-3.1.2.jar;C:\Users\Ranjan\.m2\repository\org\springframework\boot\spring-boot-autoconfigure\3.1.2\spring-boot-autoconfigure-3.1.2.jar;C:\Users\Ranjan\.m2\repository\com\mysql\mysql-connector-j\8.0.33\mysql-connector-j-8.0.33.jar;C:\Users\Ranjan\.m2\repository\org\projectlombok\lombok\1.18.28\lombok-1.18.28.jar;C:\Users\Ranjan\.m2\repository\org\modelmapper\modelmapper\3.1.1\modelmapper-3.1.1.jar;C:\Users\Ranjan\.m2\repository\jakarta\xml\bind\jakarta.xml.bind-api\4.0.0\jakarta.xml.bind-api-4.0.0.jar;C:\Users\Ranjan\.m2\repository\jakarta\activation\jakarta.activation-api\2.1.2\jakarta.activation-api-2.1.2.jar;C:\Users\Ranjan\.m2\repository\org\springframework\spring-core\6.0.11\spring-core-6.0.11.jar;C:\Users\Ranjan\.m2\repository\org\springframework\spring-jcl\6.0.11\spring-jcl-6.0.11.jar;C:\Users\Ranjan\.m2\repository\org\springframework\cloud\spring-cloud-starter-netflix-eureka-client\4.0.3\spring-cloud-starter-netflix-eureka-client-4.0.3.jar;C:\Users\Ranjan\.m2\repository\org\springframework\cloud\spring-cloud-starter\4.0.4\spring-cloud-starter-4.0.4.jar;C:\Users\Ranjan\.m2\repository\org\springframework\cloud\spring-cloud-context\4.0.4\spring-cloud-context-4.0.4.jar;C:\Users\Ranjan\.m2\repository\org\springframework\security\spring-security-crypto\6.1.2\spring-security-crypto-6.1.2.jar;C:\Users\Ranjan\.m2\repository\org\springframework\cloud\spring-cloud-commons\4.0.4\spring-cloud-commons-4.0.4.jar;C:\Users\Ranjan\.m2\repository\org\springframework\security\spring-security-rsa\1.0.12.RELEASE\spring-security-rsa-1.0.12.RELEASE.jar;C:\Users\Ranjan\.m2\repository\org\bouncycastle\bcpkix-jdk18on\1.73\bcpkix-jdk18on-1.73.jar;C:\Users\Ranjan\.m2\repository\org\bouncycastle\bcprov-jdk18on\1.73\bcprov-jdk18on-1.73.jar;C:\Users\Ranjan\.m2\repository\org\bouncycastle\bcutil-jdk18on\1.73\bcutil-jdk18on-1.73.jar;C:\Users\Ranjan\.m2\repository\org\springframework\cloud\spring-cloud-netflix-eureka-client\4.0.3\spring-cloud-netflix-eureka-client-4.0.3.jar;C:\Users\Ranjan\.m2\repository\org\apache\httpcomponents\client5\httpclient5\5.2.1\httpclient5-5.2.1.jar;C:\Users\Ranjan\.m2\repository\org\apache\httpcomponents\core5\httpcore5\5.2.2\httpcore5-5.2.2.jar;C:\Users\Ranjan\.m2\repository\org\apache\httpcomponents\core5\httpcore5-h2\5.2.2\httpcore5-h2-5.2.2.jar;C:\Users\Ranjan\.m2\repository\com\netflix\eureka\eureka-client\2.0.1\eureka-client-2.0.1.jar;C:\Users\Ranjan\.m2\repository\com\netflix\netflix-commons\netflix-eventbus\0.3.0\netflix-eventbus-0.3.0.jar;C:\Users\Ranjan\.m2\repository\com\netflix\netflix-commons\netflix-infix\0.3.0\netflix-infix-0.3.0.jar;C:\Users\Ranjan\.m2\repository\commons-jxpath\commons-jxpath\1.3\commons-jxpath-1.3.jar;C:\Users\Ranjan\.m2\repository\joda-time\joda-time\2.3\joda-time-2.3.jar;C:\Users\Ranjan\.m2\repository\org\antlr\antlr-runtime\3.4\antlr-runtime-3.4.jar;C:\Users\Ranjan\.m2\repository\org\antlr\stringtemplate\3.2.1\stringtemplate-3.2.1.jar;C:\Users\Ranjan\.m2\repository\antlr\antlr\2.7.7\antlr-2.7.7.jar;C:\Users\Ranjan\.m2\repository\com\google\code\gson\gson\2.10.1\gson-2.10.1.jar;C:\Users\Ranjan\.m2\repository\org\apache\commons\commons-math\2.2\commons-math-2.2.jar;C:\Users\Ranjan\.m2\repository\com\thoughtworks\xstream\xstream\1.4.19\xstream-1.4.19.jar;C:\Users\Ranjan\.m2\repository\io\github\x-stream\mxparser\1.2.2\mxparser-1.2.2.jar;C:\Users\Ranjan\.m2\repository\xmlpull\xmlpull\1.1.3.1\xmlpull-1.1.3.1.jar;C:\Users\Ranjan\.m2\repository\jakarta\ws\rs\jakarta.ws.rs-api\3.1.0\jakarta.ws.rs-api-3.1.0.jar;C:\Users\Ranjan\.m2\repository\com\netflix\servo\servo-core\0.12.21\servo-core-0.12.21.jar;C:\Users\Ranjan\.m2\repository\com\google\guava\guava\19.0\guava-19.0.jar;C:\Users\Ranjan\.m2\repository\org\apache\httpcomponents\httpclient\4.5.3\httpclient-4.5.3.jar;C:\Users\Ranjan\.m2\repository\org\apache\httpcomponents\httpcore\4.4.16\httpcore-4.4.16.jar;C:\Users\Ranjan\.m2\repository\commons-codec\commons-codec\1.15\commons-codec-1.15.jar;C:\Users\Ranjan\.m2\repository\commons-configuration\commons-configuration\1.10\commons-configuration-1.10.jar;C:\Users\Ranjan\.m2\repository\commons-lang\commons-lang\2.6\commons-lang-2.6.jar;C:\Users\Ranjan\.m2\repository\com\fasterxml\jackson\core\jackson-annotations\2.15.2\jackson-annotations-2.15.2.jar;C:\Users\Ranjan\.m2\repository\com\fasterxml\jackson\core\jackson-core\2.15.2\jackson-core-2.15.2.jar;C:\Users\Ranjan\.m2\repository\org\codehaus\jettison\jettison\1.4.0\jettison-1.4.0.jar;C:\Users\Ranjan\.m2\repository\com\netflix\eureka\eureka-core\2.0.1\eureka-core-2.0.1.jar;C:\Users\Ranjan\.m2\repository\jakarta\servlet\jakarta.servlet-api\6.0.0\jakarta.servlet-api-6.0.0.jar;C:\Users\Ranjan\.m2\repository\com\fasterxml\woodstox\woodstox-core\6.2.1\woodstox-core-6.2.1.jar;C:\Users\Ranjan\.m2\repository\org\codehaus\woodstox\stax2-api\4.2.1\stax2-api-4.2.1.jar;C:\Users\Ranjan\.m2\repository\org\springframework\cloud\spring-cloud-starter-loadbalancer\4.0.4\spring-cloud-starter-loadbalancer-4.0.4.jar;C:\Users\Ranjan\.m2\repository\org\springframework\cloud\spring-cloud-loadbalancer\4.0.4\spring-cloud-loadbalancer-4.0.4.jar;C:\Users\Ranjan\.m2\repository\io\projectreactor\reactor-core\3.5.8\reactor-core-3.5.8.jar;C:\Users\Ranjan\.m2\repository\org\reactivestreams\reactive-streams\1.0.4\reactive-streams-1.0.4.jar;C:\Users\Ranjan\.m2\repository\io\projectreactor\addons\reactor-extra\3.5.1\reactor-extra-3.5.1.jar;C:\Users\Ranjan\.m2\repository\org\springframework\boot\spring-boot-starter-cache\3.1.2\spring-boot-starter-cache-3.1.2.jar;C:\Users\Ranjan\.m2\repository\org\springframework\spring-context-support\6.0.11\spring-context-support-6.0.11.jar;C:\Users\Ranjan\.m2\repository\com\stoyanr\evictor\1.0.0\evictor-1.0.0.jar
Launcher Type: SUN_STANDARD

[Global flags]
     intx CICompilerCount                          = 3                                         {product} {ergonomic}
     uint ConcGCThreads                            = 1                                         {product} {ergonomic}
     uint G1ConcRefinementThreads                  = 4                                         {product} {ergonomic}
   size_t G1HeapRegionSize                         = 1048576                                   {product} {ergonomic}
    uintx GCDrainStackTargetSize                   = 64                                        {product} {ergonomic}
   size_t InitialHeapSize                          = 134217728                                 {product} {ergonomic}
   size_t MarkStackSize                            = 4194304                                   {product} {ergonomic}
   size_t MaxHeapSize                              = 2116026368                                {product} {ergonomic}
   size_t MaxNewSize                               = 1268776960                                {product} {ergonomic}
   size_t MinHeapDeltaBytes                        = 1048576                                   {product} {ergonomic}
   size_t MinHeapSize                              = 8388608                                   {product} {ergonomic}
    uintx NonNMethodCodeHeapSize                   = 5832780                                {pd product} {ergonomic}
    uintx NonProfiledCodeHeapSize                  = 122912730                              {pd product} {ergonomic}
    uintx ProfiledCodeHeapSize                     = 122912730                              {pd product} {ergonomic}
    uintx ReservedCodeCacheSize                    = 251658240                              {pd product} {ergonomic}
     bool SegmentedCodeCache                       = true                                      {product} {ergonomic}
   size_t SoftMaxHeapSize                          = 2116026368                             {manageable} {ergonomic}
     bool UseCompressedClassPointers               = true                           {product lp64_product} {ergonomic}
     bool UseCompressedOops                        = true                           {product lp64_product} {ergonomic}
     bool UseG1GC                                  = true                                      {product} {ergonomic}
     bool UseLargePagesIndividualAllocation        = false                                  {pd product} {ergonomic}

Logging:
Log output configuration:
 #0: stdout all=warning uptime,level,tags foldmultilines=false
 #1: stderr all=off uptime,level,tags foldmultilines=false

Environment Variables:
JAVA_HOME=C:\Program Files\Java\jdk-20
PATH=C:\Program Files\Common Files\Oracle\Java\javapath;C:\Program Files (x86)\Common Files\Oracle\Java\javapath;C:\Users\Ranjan\Downloads\WINDOWS.X64_193000_db_home\bin;C:\Windows\system32;C:\Windows;C:\Windows\System32\Wbem;C:\Windows\System32\WindowsPowerShell\v1.0\;C:\Windows\System32\OpenSSH\;C:\Program Files\PuTTY\;C:\Program Files\Docker\Docker\resources\bin;C:\ProgramData\DockerDesktop\version-bin;C:\Program Files\Microsoft SQL Server\150\Tools\Binn\;C:\Program Files\Microsoft SQL Server\Client SDK\ODBC\170\Tools\Binn\;C:\Program Files\dotnet\;C:\Program Files\Git\cmd;C:\Program Files\Java\jdk-20\bin;C:\Program Files\apache-maven-3.9.2\bin;C:\Program Files\MySQL\MySQL Shell 8.0\bin\;C:\Users\Ranjan\AppData\Local\Programs\Python\Python310\Scripts\;C:\Users\Ranjan\AppData\Local\Programs\Python\Python310\;C:\Users\Ranjan\AppData\Local\Microsoft\WindowsApps;;C:\Users\Ranjan\.vscode-server-launcher\bin;C:\Users\Ranjan\.dotnet\tools
USERNAME=Ranjan
OS=Windows_NT
PROCESSOR_IDENTIFIER=Intel64 Family 6 Model 61 Stepping 4, GenuineIntel
TMP=C:\Users\Ranjan\AppData\Local\Temp
TEMP=C:\Users\Ranjan\AppData\Local\Temp




---------------  S Y S T E M  ---------------

OS:
 Windows 10 , 64 bit Build 19041 (10.0.19041.3155)
OS uptime: 0 days 3:00 hours

CPU: total 4 (initial active 4) (2 cores per cpu, 2 threads per core) family 6 model 61 stepping 4 microcode 0x2d, cx8, cmov, fxsr, ht, mmx, 3dnowpref, sse, sse2, sse3, ssse3, sse4.1, sse4.2, popcnt, lzcnt, tsc, tscinvbit, avx, avx2, aes, erms, clmul, bmi1, bmi2, adx, fma, vzeroupper, clflush, rdtscp, f16c

Memory: 4k page, system-wide physical 8067M (436M free)
TotalPageFile size 10115M (AvailPageFile size 8M)
current process WorkingSet (physical memory assigned to process): 267M, peak: 277M
current process commit charge ("private bytes"): 313M, peak: 318M

vm_info: Java HotSpot(TM) 64-Bit Server VM (20.0.1+9-29) for windows-amd64 JRE (20.0.1+9-29), built on 2023-03-07T13:56:11Z by "mach5one" with MS VC++ 17.1 (VS2022)

END.
